#
# A fatal error has been detected by the Java Runtime Environment:
#
#  SIGSEGV (0xb) at pc=0x00007f20490699fa, pid=9590, tid=0x00007f200dea5700
#
# JRE version: OpenJDK Runtime Environment (8.0_181-b13) (build 1.8.0_181-8u181-b13-2~deb9u1-b13)
# Java VM: OpenJDK 64-Bit Server VM (25.181-b13 mixed mode linux-amd64 compressed oops)
# Problematic frame:
# v  ~BufferBlob::jni_fast_GetLongField
#
# Failed to write core dump. Core dumps have been disabled. To enable core dumping, try "ulimit -c unlimited" before starting Java again
#
# If you would like to submit a bug report, please visit:
#   http://bugreport.java.com/bugreport/crash.jsp
# The crash happened outside the Java Virtual Machine in native code.
# See problematic frame for where to report the bug.
#

---------------  T H R E A D  ---------------

Current thread (0x00007f205829f000):  JavaThread "AWT-XAWT" daemon [_thread_in_native, id=9611, stack(0x00007f200dda5000,0x00007f200dea6000)]

siginfo: si_signo: 11 (SIGSEGV), si_code: 1 (SEGV_MAPERR), si_addr: 0x0000000000000000

Registers:
RAX=0x00007f205ecc1040, RBX=0x00007f205829f1e0, RCX=0x0000000000000000, RDX=0x0000000000000042
RSP=0x00007f200dea4838, RBP=0x00007f200dea4860, RSI=0x0000000000000000, RDI=0x00007f205829f1e0
R8 =0x00000000ebd62d50, R9 =0x0000000000000000, R10=0x0000000000000190, R11=0x00007f200f8be840
R12=0x00007f1fe8022040, R13=0x0000000000000000, R14=0x00007f200ffffb20, R15=0x00007f205829f000
RIP=0x00007f20490699fa, EFLAGS=0x0000000000010246, CSGSFS=0x002b000000000033, ERR=0x0000000000000004
  TRAPNO=0x000000000000000e

Top of Stack: (sp=0x00007f200dea4838)
0x00007f200dea4838:   00007f200fddcee4 00007f2035d978b8
0x00007f200dea4848:   00007f1fe8022040 00007f200dea4910
0x00007f200dea4858:   00007f200dea48e0 0000000000000000
0x00007f200dea4868:   00007f200f8be8b0 00007f2035d978b8
0x00007f200dea4878:   00007f200dea48a0 0000000000000000
0x00007f200dea4888:   00007f200f8b63d3 00007f200dea4910
0x00007f200dea4898:   00007f200fdd4caf 00007f200dea48f0
0x00007f200dea48a8:   00007f204921d976 0000000000000000
0x00007f200dea48b8:   00007f20492833f6 00007f200dea4910
0x00007f200dea48c8:   00007f204918062c 00000000ebfcaea8
0x00007f200dea48d8:   00007f20492eb574 00000000ebf3c4d0
0x00007f200dea48e8:   00000000ebf7f870 00007f200dea4970
0x00007f200dea48f8:   00007f20490077d0 00007f200dea4970
0x00007f200dea4908:   00007f20490077d0 0000000000000000
0x00007f200dea4918:   00007f2049007b10 00007f2000000e30
0x00007f200dea4928:   00000000ebfcaea8 00007f200dea4930
0x00007f200dea4938:   00007f2035ea6144 00007f200dea49b8
0x00007f200dea4948:   00007f2035eaf900 0000000000000000
0x00007f200dea4958:   00007f2035ea6280 00007f200dea4910
0x00007f200dea4968:   00007f200dea49b0 00007f200dea4a00
0x00007f200dea4978:   00007f2049007ffd 0000000000000000
0x00007f200dea4988:   00000000ec40f340 0000000000000000
0x00007f200dea4998:   0000000000000000 0000000000000000
0x00007f200dea49a8:   00000000ebfcaea8 0000000000000000
0x00007f200dea49b8:   00000000ebf803b0 00007f200dea49c0
0x00007f200dea49c8:   00007f2035ea5f85 00007f200dea4a10
0x00007f200dea49d8:   00007f2035eaf900 0000000000000000
0x00007f200dea49e8:   00007f2035ea5f90 00007f200dea49b0
0x00007f200dea49f8:   00007f200dea4a10 00007f200dea4a58
0x00007f200dea4a08:   00007f2049008042 00000000ebf803b0
0x00007f200dea4a18:   00007f200dea4a18 00007f20359de6cb
0x00007f200dea4a28:   00007f200dea4a68 00007f2035a663e8 

Instructions: (pc=0x00007f20490699fa)
0x00007f20490699da:   00 00 00 00 00 00 44 8b 15 d5 42 c8 15 4c 8b ce
0x00007f20490699ea:   41 f6 c2 01 0f 85 2e 00 00 00 4d 33 ca 4d 33 ca
0x00007f20490699fa:   4d 8b 09 4c 8b da 49 c1 eb 02 4b 8b 04 19 49 bb
0x00007f2049069a0a:   bc dc ce 5e 20 7f 00 00 4c 33 d8 4c 33 d8 45 3b 

Register to memory mapping:

RAX=0x00007f205ecc1040: <offset 0xf02040> in /usr/lib/jvm/java-8-openjdk-amd64/jre/lib/amd64/server/libjvm.so at 0x00007f205ddbf000
RBX=0x00007f205829f1e0 is an unknown value
RCX=0x0000000000000000 is an unknown value
RDX=0x0000000000000042 is an unknown value
RSP=0x00007f200dea4838 is pointing into the stack for thread: 0x00007f205829f000
RBP=0x00007f200dea4860 is pointing into the stack for thread: 0x00007f205829f000
RSI=0x0000000000000000 is an unknown value
RDI=0x00007f205829f1e0 is an unknown value
R8 =0x00000000ebd62d50 is an oop
sun.util.logging.PlatformLogger$Level 
 - klass: 'sun/util/logging/PlatformLogger$Level'
R9 =0x0000000000000000 is an unknown value
R10=0x0000000000000190 is an unknown value
R11=0x00007f200f8be840: _XimServerDestroy+0 in /usr/lib/x86_64-linux-gnu/libX11.so.6 at 0x00007f200f855000
R12=0x00007f1fe8022040 is an unknown value
R13=0x0000000000000000 is an unknown value
R14=0x00007f200ffffb20: <offset 0x258b20> in /usr/lib/jvm/java-8-openjdk-amd64/jre/lib/amd64/libawt_xawt.so at 0x00007f200fda7000
R15=0x00007f205829f000 is a thread


Stack: [0x00007f200dda5000,0x00007f200dea6000],  sp=0x00007f200dea4838,  free space=1022k
Native frames: (J=compiled Java code, j=interpreted, Vv=VM code, C=native code)
v  ~BufferBlob::jni_fast_GetLongField
C  [libX11.so.6+0x698b0]  _XimServerDestroy+0x70

Java frames: (J=compiled Java code, j=interpreted, Vv=VM code)
J 837  sun.awt.X11.XlibWrapper.XFilterEvent(JJ)Z (0 bytes) @ 0x00007f204921d904 [0x00007f204921d8c0+0x44]
j  sun.awt.X11.XToolkit.run(Z)V+300
j  sun.awt.X11.XToolkit.run()V+5
j  java.lang.Thread.run()V+11
v  ~StubRoutines::call_stub

---------------  P R O C E S S  ---------------

Java Threads: ( => current thread )
  0x00007f2020001000 JavaThread "SIGTERM handler" daemon [_thread_in_vm, id=14522, stack(0x00007f1ff9065000,0x00007f1ff9166000)]
  0x00007f205800a800 JavaThread "DestroyJavaVM" [_thread_blocked, id=9596, stack(0x00007f205f9eb000,0x00007f205faec000)]
  0x00007f1fe802e800 JavaThread "TimerQueue" daemon [_thread_blocked, id=9639, stack(0x00007f1ff12bc000,0x00007f1ff13bd000)]
  0x00007f1fd8002800 JavaThread "Thread-1" daemon [_thread_in_native, id=9617, stack(0x00007f1ff37ff000,0x00007f1ff4000000)]
  0x00007f2058356800 JavaThread "AWT-EventQueue-1" [_thread_blocked, id=9616, stack(0x00007f1ff8f64000,0x00007f1ff9065000)]
  0x00007f2058385000 JavaThread "AWT-Shutdown" [_thread_blocked, id=9614, stack(0x00007f1ff9166000,0x00007f1ff9267000)]
=>0x00007f205829f000 JavaThread "AWT-XAWT" daemon [_thread_in_native, id=9611, stack(0x00007f200dda5000,0x00007f200dea6000)]
  0x00007f2058278800 JavaThread "Java2D Disposer" daemon [_thread_blocked, id=9610, stack(0x00007f2034097000,0x00007f2034198000)]
  0x00007f20580c0000 JavaThread "Service Thread" daemon [_thread_blocked, id=9608, stack(0x00007f20345a0000,0x00007f20346a1000)]
  0x00007f20580bd000 JavaThread "C1 CompilerThread2" daemon [_thread_blocked, id=9607, stack(0x00007f20346a1000,0x00007f20347a2000)]
  0x00007f20580bb800 JavaThread "C2 CompilerThread1" daemon [_thread_blocked, id=9606, stack(0x00007f20347a2000,0x00007f20348a3000)]
  0x00007f20580b8800 JavaThread "C2 CompilerThread0" daemon [_thread_blocked, id=9605, stack(0x00007f20348a3000,0x00007f20349a4000)]
  0x00007f20580b7000 JavaThread "Signal Dispatcher" daemon [_thread_blocked, id=9604, stack(0x00007f20349a4000,0x00007f2034aa5000)]
  0x00007f2058084800 JavaThread "Finalizer" daemon [_thread_blocked, id=9603, stack(0x00007f2034c40000,0x00007f2034d41000)]
  0x00007f2058081800 JavaThread "Reference Handler" daemon [_thread_blocked, id=9602, stack(0x00007f2034d41000,0x00007f2034e42000)]

Other Threads:
  0x00007f2058078000 VMThread [stack: 0x00007f2034e42000,0x00007f2034f43000] [id=9601]
  0x00007f20580c2800 WatcherThread [stack: 0x00007f203449f000,0x00007f20345a0000] [id=9609]

VM state:not at safepoint (normal execution)

VM Mutex/Monitor currently owned by a thread:  ([mutex/lock_event])
[0x00007f2058006d10] Threads_lock - owner thread: 0x00007f2020001000

Heap:
 PSYoungGen      total 18432K, used 11133K [0x00000000ebd00000, 0x00000000ed180000, 0x0000000100000000)
  eden space 15872K, 70% used [0x00000000ebd00000,0x00000000ec7df468,0x00000000ecc80000)
  from space 2560K, 0% used [0x00000000ecf00000,0x00000000ecf00000,0x00000000ed180000)
  to   space 2560K, 0% used [0x00000000ecc80000,0x00000000ecc80000,0x00000000ecf00000)
 ParOldGen       total 42496K, used 0K [0x00000000c3600000, 0x00000000c5f80000, 0x00000000ebd00000)
  object space 42496K, 0% used [0x00000000c3600000,0x00000000c3600000,0x00000000c5f80000)
 Metaspace       used 14309K, capacity 14574K, committed 14848K, reserved 1062912K
  class space    used 1837K, capacity 1951K, committed 2048K, reserved 1048576K

Card table byte_map: [0x00007f2048e1a000,0x00007f2049000000] byte_map_base: 0x00007f20487ff000

Marking Bits: (ParMarkBitMap*) 0x00007f205eced3a0
 Begin Bits: [0x00007f20361b0000, 0x00007f20370d8000)
 End Bits:   [0x00007f20370d8000, 0x00007f2038000000)

Polling page: 0x00007f205fb12000

CodeCache: size=245760Kb used=3145Kb max_used=3157Kb free=242614Kb
 bounds [0x00007f2049000000, 0x00007f2049320000, 0x00007f2058000000]
 total_blobs=1415 nmethods=839 adapters=490
 compilation: enabled

Compilation events (10 events):
Event: 2835.449 Thread 0x00007f20580bd000  865       3       sun.awt.X11.XDnDDropTargetProtocol::getMessageType (59 bytes)
Event: 2835.450 Thread 0x00007f20580bd000 nmethod 865 0x00007f2049310810 code [0x00007f2049310a00, 0x00007f2049311328]
Event: 2835.450 Thread 0x00007f20580bd000  866       3       sun.awt.X11.MotifDnDDropTargetProtocol::getMessageType (98 bytes)
Event: 2835.451 Thread 0x00007f20580bd000 nmethod 866 0x00007f2049314790 code [0x00007f2049314980, 0x00007f2049315158]
Event: 2946.175 Thread 0x00007f20580b8800  867       4       java.util.Vector$Itr::hasNext (20 bytes)
Event: 2946.176 Thread 0x00007f20580b8800 nmethod 867 0x00007f2049310550 code [0x00007f20493106a0, 0x00007f2049310738]
Event: 2962.791 Thread 0x00007f20580b8800  868   !   4       sun.awt.X11.XToolkit::windowToXWindow (27 bytes)
Event: 2962.796 Thread 0x00007f20580b8800 nmethod 868 0x00007f2049316d10 code [0x00007f2049316ea0, 0x00007f20493173f8]
Event: 3415.766 Thread 0x00007f20580bb800  869   !   4       java.util.Vector$Itr::next (63 bytes)
Event: 3415.769 Thread 0x00007f20580bb800 nmethod 869 0x00007f20493126d0 code [0x00007f2049312820, 0x00007f2049312b78]

GC Heap History (0 events):
No events

Deoptimization events (6 events):
Event: 5.468 Thread 0x00007f205800a800 Uncommon trap: reason=unstable_if action=reinterpret pc=0x00007f204922537c method=java.lang.AbstractStringBuilder.append(Ljava/lang/String;)Ljava/lang/AbstractStringBuilder; @ 1
Event: 5.469 Thread 0x00007f205800a800 Uncommon trap: reason=unstable_if action=reinterpret pc=0x00007f204921db88 method=java.lang.AbstractStringBuilder.append(Ljava/lang/String;)Ljava/lang/AbstractStringBuilder; @ 1
Event: 5.501 Thread 0x00007f205800a800 Uncommon trap: reason=class_check action=maybe_recompile pc=0x00007f204915d868 method=java.lang.String.equals(Ljava/lang/Object;)Z @ 8
Event: 5.506 Thread 0x00007f205800a800 Uncommon trap: reason=class_check action=maybe_recompile pc=0x00007f204915d868 method=java.lang.String.equals(Ljava/lang/Object;)Z @ 8
Event: 5.507 Thread 0x00007f205800a800 Uncommon trap: reason=class_check action=maybe_recompile pc=0x00007f204915d868 method=java.lang.String.equals(Ljava/lang/Object;)Z @ 8
Event: 5.507 Thread 0x00007f205800a800 Uncommon trap: reason=class_check action=maybe_recompile pc=0x00007f204915d868 method=java.lang.String.equals(Ljava/lang/Object;)Z @ 8

Classes redefined (0 events):
No events

Internal exceptions (10 events):
Event: 0.104 Thread 0x00007f205800a800 Exception <a 'java/security/PrivilegedActionException'> (0x00000000ebd7b0c8) thrown at [/build/openjdk-8-8u181-b13/src/hotspot/src/share/vm/prims/jvm.cpp, line 1435]
Event: 0.105 Thread 0x00007f205800a800 Exception <a 'java/security/PrivilegedActionException'> (0x00000000ebd7bba0) thrown at [/build/openjdk-8-8u181-b13/src/hotspot/src/share/vm/prims/jvm.cpp, line 1435]
Event: 0.105 Thread 0x00007f205800a800 Exception <a 'java/security/PrivilegedActionException'> (0x00000000ebd7bdb0) thrown at [/build/openjdk-8-8u181-b13/src/hotspot/src/share/vm/prims/jvm.cpp, line 1435]
Event: 0.162 Thread 0x00007f205800a800 Exception <a 'java/lang/NoSuchFieldError': method resolution failed> (0x00000000ebe9b930) thrown at [/build/openjdk-8-8u181-b13/src/hotspot/src/share/vm/prims/methodHandles.cpp, line 1167]
Event: 0.165 Thread 0x00007f205800a800 Exception <a 'java/lang/NoSuchFieldError': method resolution failed> (0x00000000ebea9130) thrown at [/build/openjdk-8-8u181-b13/src/hotspot/src/share/vm/prims/methodHandles.cpp, line 1167]
Event: 0.201 Thread 0x00007f205800a800 Exception <a 'java/io/FileNotFoundException'> (0x00000000ebf269d0) thrown at [/build/openjdk-8-8u181-b13/src/hotspot/src/share/vm/prims/jni.cpp, line 709]
Event: 0.221 Thread 0x00007f205800a800 Exception <a 'java/lang/ClassNotFoundException': sun/dc/DuctusRenderingEngine> (0x00000000ebf42098) thrown at [/build/openjdk-8-8u181-b13/src/hotspot/src/share/vm/classfile/systemDictionary.cpp, line 210]
Event: 5.468 Thread 0x00007f205800a800 Implicit null exception at 0x00007f2049224fb5 to 0x00007f2049225369
Event: 5.469 Thread 0x00007f205800a800 Implicit null exception at 0x00007f204921d7b6 to 0x00007f204921db71
Event: 5.719 Thread 0x00007f2058356800 Exception <a 'java/lang/UnsupportedOperationException': > (0x00000000ec538958) thrown at [/build/openjdk-8-8u181-b13/src/hotspot/src/share/vm/prims/jni.cpp, line 735]

Events (10 events):
Event: 93.928 Thread 0x00007f20580bd000 flushing nmethod 0x00007f20491f9e10
Event: 93.928 Thread 0x00007f20580bd000 flushing nmethod 0x00007f20491fd350
Event: 93.928 Thread 0x00007f20580bd000 flushing nmethod 0x00007f204920f210
Event: 93.928 Thread 0x00007f20580bd000 flushing nmethod 0x00007f2049210350
Event: 93.928 Thread 0x00007f20580bd000 flushing nmethod 0x00007f2049216190
Event: 98.346 Thread 0x00007f20580bb800 flushing nmethod 0x00007f204921d610
Event: 98.346 Thread 0x00007f20580bb800 flushing nmethod 0x00007f2049224e10
Event: 3609.730 loading class sun/misc/Signal$1
Event: 3609.733 loading class sun/misc/Signal$1 done
Event: 3609.774 Thread 0x00007f2020001000 Thread added: 0x00007f2020001000


Dynamic libraries:
c3600000-c5f80000 rw-p 00000000 00:00 0 
c5f80000-ebd00000 ---p 00000000 00:00 0 
ebd00000-ed180000 rw-p 00000000 00:00 0 
ed180000-100000000 ---p 00000000 00:00 0 
100000000-100200000 rw-p 00000000 00:00 0 
100200000-140000000 ---p 00000000 00:00 0 
55fde0c07000-55fde0c08000 r-xp 00000000 08:02 3281698                    /usr/lib/jvm/java-8-openjdk-amd64/jre/bin/java
55fde0e07000-55fde0e08000 r--p 00000000 08:02 3281698                    /usr/lib/jvm/java-8-openjdk-amd64/jre/bin/java
55fde0e08000-55fde0e09000 rw-p 00001000 08:02 3281698                    /usr/lib/jvm/java-8-openjdk-amd64/jre/bin/java
55fde1e45000-55fde1e66000 rw-p 00000000 00:00 0                          [heap]
7f1fb4000000-7f1fb4022000 rw-p 00000000 00:00 0 
7f1fb4022000-7f1fb8000000 ---p 00000000 00:00 0 
7f1fbaffe000-7f1fbafff000 ---p 00000000 00:00 0 
7f1fbafff000-7f1fbb7ff000 rw-p 00000000 00:00 0 
7f1fbc000000-7f1fbc022000 rw-p 00000000 00:00 0 
7f1fbc022000-7f1fc0000000 ---p 00000000 00:00 0 
7f1fc0000000-7f1fc0022000 rw-p 00000000 00:00 0 
7f1fc0022000-7f1fc4000000 ---p 00000000 00:00 0 
7f1fc4000000-7f1fc4022000 rw-p 00000000 00:00 0 
7f1fc4022000-7f1fc8000000 ---p 00000000 00:00 0 
7f1fc8000000-7f1fc8022000 rw-p 00000000 00:00 0 
7f1fc8022000-7f1fcc000000 ---p 00000000 00:00 0 
7f1fcc000000-7f1fcc022000 rw-p 00000000 00:00 0 
7f1fcc022000-7f1fd0000000 ---p 00000000 00:00 0 
7f1fd0000000-7f1fd0022000 rw-p 00000000 00:00 0 
7f1fd0022000-7f1fd4000000 ---p 00000000 00:00 0 
7f1fd4000000-7f1fd4022000 rw-p 00000000 00:00 0 
7f1fd4022000-7f1fd8000000 ---p 00000000 00:00 0 
7f1fd8000000-7f1fd8021000 rw-p 00000000 00:00 0 
7f1fd8021000-7f1fdc000000 ---p 00000000 00:00 0 
7f1fdc2e8000-7f1fdc329000 rw-p 00000000 00:00 0 
7f1fdc329000-7f1fdc372000 r--p 00000000 08:02 4456612                    /usr/share/fonts/Lucida Grande.ttf
7f1fdcb73000-7f1fdcb74000 ---p 00000000 00:00 0 
7f1fdcb74000-7f1fdd374000 rw-p 00000000 00:00 0 
7f1fdd374000-7f1fdd37b000 r--s 00000000 08:02 3671491                    /usr/lib/x86_64-linux-gnu/gconv/gconv-modules.cache
7f1fddb7c000-7f1fddb7d000 ---p 00000000 00:00 0 
7f1fddb7d000-7f1fde37d000 rw-p 00000000 00:00 0 
7f1fde37d000-7f1fde382000 r-xp 00000000 08:02 3671509                    /usr/lib/x86_64-linux-gnu/gdk-pixbuf-2.0/2.10.0/loaders/libpixbufloader-png.so
7f1fde382000-7f1fde581000 ---p 00005000 08:02 3671509                    /usr/lib/x86_64-linux-gnu/gdk-pixbuf-2.0/2.10.0/loaders/libpixbufloader-png.so
7f1fde581000-7f1fde582000 r--p 00004000 08:02 3671509                    /usr/lib/x86_64-linux-gnu/gdk-pixbuf-2.0/2.10.0/loaders/libpixbufloader-png.so
7f1fde582000-7f1fde583000 rw-p 00005000 08:02 3671509                    /usr/lib/x86_64-linux-gnu/gdk-pixbuf-2.0/2.10.0/loaders/libpixbufloader-png.so
7f1fde583000-7f1fdfdff000 r-xp 00000000 08:02 3673393                    /usr/lib/x86_64-linux-gnu/libicudata.so.57.1
7f1fdfdff000-7f1fdfffe000 ---p 0187c000 08:02 3673393                    /usr/lib/x86_64-linux-gnu/libicudata.so.57.1
7f1fdfffe000-7f1fdffff000 r--p 0187b000 08:02 3673393                    /usr/lib/x86_64-linux-gnu/libicudata.so.57.1
7f1fdffff000-7f1fe0000000 rw-p 0187c000 08:02 3673393                    /usr/lib/x86_64-linux-gnu/libicudata.so.57.1
7f1fe0000000-7f1fe0021000 rw-p 00000000 00:00 0 
7f1fe0021000-7f1fe4000000 ---p 00000000 00:00 0 
7f1fe4000000-7f1fe4022000 rw-p 00000000 00:00 0 
7f1fe4022000-7f1fe8000000 ---p 00000000 00:00 0 
7f1fe8000000-7f1fe8035000 rw-p 00000000 00:00 0 
7f1fe8035000-7f1fec000000 ---p 00000000 00:00 0 
7f1fec000000-7f1fec444000 rw-p 00000000 00:00 0 
7f1fec444000-7f1ff0000000 ---p 00000000 00:00 0 
7f1ff0005000-7f1ff0065000 rw-s 00000000 00:05 5242890                    /SYSV00000000 (deleted)
7f1ff0065000-7f1ff00e5000 rw-s 00000000 00:05 5210119                    /SYSV00000000 (deleted)
7f1ff00e5000-7f1ff00f6000 r--p 00000000 08:02 4459951                    /usr/share/fonts/opentype/cantarell/Cantarell-Bold.otf
7f1ff00f6000-7f1ff0107000 r--p 00000000 08:02 4459954                    /usr/share/fonts/opentype/cantarell/Cantarell-Regular.otf
7f1ff0107000-7f1ff0108000 r--s 00000000 08:02 6029419                    /var/cache/fontconfig/588a141f52a60807c04143aedc63e678-le64.cache-4
7f1ff0108000-7f1ff0113000 r--s 00000000 08:02 6035696                    /var/cache/fontconfig/945677eb7aeaf62f1d50efc3fb3ec7d8-le64.cache-4
7f1ff0113000-7f1ff0118000 r--s 00000000 08:02 6040373                    /var/cache/fontconfig/99e8ed0e538f840c565b6ed5dad60d56-le64.cache-4
7f1ff0118000-7f1ff011b000 r--s 00000000 08:02 6040369                    /var/cache/fontconfig/f24b2111ab8703b4e963115a8cf14259-le64.cache-4
7f1ff011b000-7f1ff011c000 r--s 00000000 08:02 6040367                    /var/cache/fontconfig/36ff18d2956cd86e754d2db4d9e5ceed-le64.cache-4
7f1ff011c000-7f1ff0120000 r--s 00000000 08:02 6040366                    /var/cache/fontconfig/0fafd173547752dce4dee1a69e0b3c95-le64.cache-4
7f1ff0120000-7f1ff0135000 r--s 00000000 08:02 6040363                    /var/cache/fontconfig/04aabc0a78ac019cf9454389977116d2-le64.cache-4
7f1ff0135000-7f1ff0137000 r--s 00000000 08:02 6040362                    /var/cache/fontconfig/14a5e22175779b556eaa434240950366-le64.cache-4
7f1ff0137000-7f1ff0138000 r--s 00000000 08:02 6040355                    /var/cache/fontconfig/660208299946a285a940457d1287da33-le64.cache-4
7f1ff0138000-7f1ff0139000 r--s 00000000 08:02 6040350                    /var/cache/fontconfig/4794a0821666d79190d59a36cb4f44b5-le64.cache-4
7f1ff0139000-7f1ff017b000 r--s 00000000 08:02 6040342                    /var/cache/fontconfig/0bd3dc0958fa2205aaaa8ebb13e2872b-le64.cache-4
7f1ff017b000-7f1ff0181000 r--s 00000000 08:02 6040343                    /var/cache/fontconfig/8801497958630a81b71ace7c5f9b32a8-le64.cache-4
7f1ff0181000-7f1ff0184000 r--s 00000000 08:02 6040338                    /var/cache/fontconfig/a015930274ffcd967d2ca1b57da47cc7-le64.cache-4
7f1ff0184000-7f1ff0185000 r--s 00000000 08:02 6040334                    /var/cache/fontconfig/b872e6e592da6075ffa4ab0a1fcc0c75-le64.cache-4
7f1ff0185000-7f1ff0186000 r--s 00000000 08:02 6040332                    /var/cache/fontconfig/f6d4eedfaab2589bde49f7a3ff831d22-le64.cache-4
7f1ff0186000-7f1ff0187000 r--s 00000000 08:02 6040328                    /var/cache/fontconfig/589f83ef4c36d296ce6e1c846f468f08-le64.cache-4
7f1ff0187000-7f1ff0188000 r--s 00000000 08:02 6040322                    /var/cache/fontconfig/bab58bb527bb656aaa9f116d68a48d89-le64.cache-4
7f1ff0188000-7f1ff0189000 r--s 00000000 08:02 6040321                    /var/cache/fontconfig/c5c45a61289222e0d30b1a26ef4effbe-le64.cache-4
7f1ff0189000-7f1ff018a000 r--s 00000000 08:02 6040316                    /var/cache/fontconfig/aec30016f93e1b46d1a973dce0d74068-le64.cache-4
7f1ff018a000-7f1ff018b000 r--s 00000000 08:02 6040314                    /var/cache/fontconfig/3f589640d34b7dc9042c8d453f7c8b9c-le64.cache-4
7f1ff018b000-7f1ff018c000 r--s 00000000 08:02 6040313                    /var/cache/fontconfig/16c2fda60d1b4b719f4b3d06fd951d25-le64.cache-4
7f1ff018c000-7f1ff018d000 r--s 00000000 08:02 6040310                    /var/cache/fontconfig/a48eab177a16e4f3713381162db2f3e9-le64.cache-4
7f1ff018d000-7f1ff018e000 r--s 00000000 08:02 6040307                    /var/cache/fontconfig/564b2e68ac9bc4e36a6f7f6d6125ec1c-le64.cache-4
7f1ff018e000-7f1ff0194000 r--s 00000000 08:02 6040306                    /var/cache/fontconfig/3047814df9a2f067bd2d96a2b9c36e5a-le64.cache-4
7f1ff0194000-7f1ff019c000 r--s 00000000 08:02 6040302                    /var/cache/fontconfig/bf3b770c553c462765856025a94f1ce6-le64.cache-4
7f1ff019c000-7f1ff01a1000 r--s 00000000 08:02 6040301                    /var/cache/fontconfig/d512a7b9f4305a5cce37c9b1a598863a-le64.cache-4
7f1ff01a1000-7f1ff01a7000 r--s 00000000 08:02 6040297                    /var/cache/fontconfig/b47c4e1ecd0709278f4910c18777a504-le64.cache-4
7f1ff01a7000-7f1ff01aa000 r--s 00000000 08:02 6040295                    /var/cache/fontconfig/e49e89034d371f0f9de17aab02136486-le64.cache-4
7f1ff01aa000-7f1ff01ac000 r--s 00000000 08:02 6040291                    /var/cache/fontconfig/4b14b093aebc79c320de5e86ae1d3314-le64.cache-4
7f1ff01ac000-7f1ff01bf000 r--s 00000000 08:02 6040287                    /var/cache/fontconfig/d52a8644073d54c13679302ca1180695-le64.cache-4
7f1ff01bf000-7f1ff01e2000 r--s 00000000 08:02 6040282                    /var/cache/fontconfig/b7bc4bef63de29fdcfd13db0e222616e-le64.cache-4
7f1ff04dc000-7f1ff05dd000 rw-p 00000000 00:00 0 
7f1ff05dd000-7f1ff065d000 rw-p 00000000 00:00 0 
7f1ff065d000-7f1ff07dd000 ---p 00000000 00:00 0 
7f1ff07dd000-7f1ff07e2000 r-xp 00000000 08:02 4851499                    /lib/x86_64-linux-gnu/libnss_dns-2.24.so
7f1ff07e2000-7f1ff09e1000 ---p 00005000 08:02 4851499                    /lib/x86_64-linux-gnu/libnss_dns-2.24.so
7f1ff09e1000-7f1ff09e2000 r--p 00004000 08:02 4851499                    /lib/x86_64-linux-gnu/libnss_dns-2.24.so
7f1ff09e2000-7f1ff09e3000 rw-p 00005000 08:02 4851499                    /lib/x86_64-linux-gnu/libnss_dns-2.24.so
7f1ff09e3000-7f1ff09e4000 ---p 00000000 00:00 0 
7f1ff09e4000-7f1ff11e4000 rw-p 00000000 00:00 0 
7f1ff1283000-7f1ff1286000 ---p 00000000 00:00 0 
7f1ff1286000-7f1ff12bc000 rw-p 00000000 00:00 0 
7f1ff12bc000-7f1ff12bf000 ---p 00000000 00:00 0 
7f1ff12bf000-7f1ff13bd000 rw-p 00000000 00:00 0 
7f1ff13bd000-7f1ff13bf000 r-xp 00000000 08:02 4851507                    /lib/x86_64-linux-gnu/libnss_mdns4_minimal.so.2
7f1ff13bf000-7f1ff15be000 ---p 00002000 08:02 4851507                    /lib/x86_64-linux-gnu/libnss_mdns4_minimal.so.2
7f1ff15be000-7f1ff15bf000 r--p 00001000 08:02 4851507                    /lib/x86_64-linux-gnu/libnss_mdns4_minimal.so.2
7f1ff15bf000-7f1ff15c0000 rw-p 00002000 08:02 4851507                    /lib/x86_64-linux-gnu/libnss_mdns4_minimal.so.2
7f1ff15e5000-7f1ff17e5000 rw-p 00000000 00:00 0 
7f1ff17e5000-7f1ff19e5000 rw-p 00000000 00:00 0 
7f1ff19e5000-7f1ff1b79000 r-xp 00000000 08:02 3673407                    /usr/lib/x86_64-linux-gnu/libicuuc.so.57.1
7f1ff1b79000-7f1ff1d78000 ---p 00194000 08:02 3673407                    /usr/lib/x86_64-linux-gnu/libicuuc.so.57.1
7f1ff1d78000-7f1ff1d8a000 r--p 00193000 08:02 3673407                    /usr/lib/x86_64-linux-gnu/libicuuc.so.57.1
7f1ff1d8a000-7f1ff1d8b000 rw-p 001a5000 08:02 3673407                    /usr/lib/x86_64-linux-gnu/libicuuc.so.57.1
7f1ff1d8b000-7f1ff1d8d000 rw-p 00000000 00:00 0 
7f1ff1d8d000-7f1ff1ff8000 r-xp 00000000 08:02 3673395                    /usr/lib/x86_64-linux-gnu/libicui18n.so.57.1
7f1ff1ff8000-7f1ff21f7000 ---p 0026b000 08:02 3673395                    /usr/lib/x86_64-linux-gnu/libicui18n.so.57.1
7f1ff21f7000-7f1ff2204000 r--p 0026a000 08:02 3673395                    /usr/lib/x86_64-linux-gnu/libicui18n.so.57.1
7f1ff2204000-7f1ff2206000 rw-p 00277000 08:02 3673395                    /usr/lib/x86_64-linux-gnu/libicui18n.so.57.1
7f1ff2206000-7f1ff2207000 rw-p 00000000 00:00 0 
7f1ff2207000-7f1ff23b7000 r-xp 00000000 08:02 3674280                    /usr/lib/x86_64-linux-gnu/libxml2.so.2.9.4
7f1ff23b7000-7f1ff25b7000 ---p 001b0000 08:02 3674280                    /usr/lib/x86_64-linux-gnu/libxml2.so.2.9.4
7f1ff25b7000-7f1ff25bf000 r--p 001b0000 08:02 3674280                    /usr/lib/x86_64-linux-gnu/libxml2.so.2.9.4
7f1ff25bf000-7f1ff25c1000 rw-p 001b8000 08:02 3674280                    /usr/lib/x86_64-linux-gnu/libxml2.so.2.9.4
7f1ff25c1000-7f1ff25c2000 rw-p 00000000 00:00 0 
7f1ff25c2000-7f1ff25f9000 r-xp 00000000 08:02 3672866                    /usr/lib/x86_64-linux-gnu/libcroco-0.6.so.3.0.1
7f1ff25f9000-7f1ff27f9000 ---p 00037000 08:02 3672866                    /usr/lib/x86_64-linux-gnu/libcroco-0.6.so.3.0.1
7f1ff27f9000-7f1ff27fc000 r--p 00037000 08:02 3672866                    /usr/lib/x86_64-linux-gnu/libcroco-0.6.so.3.0.1
7f1ff27fc000-7f1ff27fd000 rw-p 0003a000 08:02 3672866                    /usr/lib/x86_64-linux-gnu/libcroco-0.6.so.3.0.1
7f1ff27fd000-7f1ff27fe000 ---p 00000000 00:00 0 
7f1ff27fe000-7f1ff2ffe000 rw-p 00000000 00:00 0 
7f1ff2ffe000-7f1ff2fff000 ---p 00000000 00:00 0 
7f1ff2fff000-7f1ff37ff000 rw-p 00000000 00:00 0 
7f1ff37ff000-7f1ff3802000 ---p 00000000 00:00 0 
7f1ff3802000-7f1ff4000000 rw-p 00000000 00:00 0 
7f1ff4000000-7f1ff4021000 rw-p 00000000 00:00 0 
7f1ff4021000-7f1ff8000000 ---p 00000000 00:00 0 
7f1ff8000000-7f1ff8001000 r--s 00000000 08:02 6040298                    /var/cache/fontconfig/b9d506c9ac06c20b433354fa67a72993-le64.cache-4
7f1ff8001000-7f1ff8002000 r--s 00000000 08:02 6040278                    /var/cache/fontconfig/370e5b74bf5dafc30834de68e24a87a4-le64.cache-4
7f1ff8002000-7f1ff8005000 r--s 00000000 08:02 6039884                    /var/cache/fontconfig/f259c2cffa685e28062317905db73c4a-le64.cache-4
7f1ff8005000-7f1ff8007000 r--s 00000000 08:02 6039868                    /var/cache/fontconfig/550f3886151c940c12a5ed35f6a00586-le64.cache-4
7f1ff8007000-7f1ff8012000 r--s 00000000 08:02 6039790                    /var/cache/fontconfig/c1655681e403e3847780de03eacf363b-le64.cache-4
7f1ff8012000-7f1ff8015000 r--s 00000000 08:02 6039712                    /var/cache/fontconfig/674d1711f2d1d2a09646eb0bdcadee49-le64.cache-4
7f1ff8015000-7f1ff8022000 r--s 00000000 08:02 6039548                    /var/cache/fontconfig/0016f91d272966d80cf1fcd12c9c3815-le64.cache-4
7f1ff8022000-7f1ff8024000 r--s 00000000 08:02 6038731                    /var/cache/fontconfig/75994e804c4bf4eaf913a982c1a8d8e9-le64.cache-4
7f1ff8024000-7f1ff8030000 r--s 00000000 08:02 6038046                    /var/cache/fontconfig/d589a48862398ed80a3d6066f4f56f4c-le64.cache-4
7f1ff8030000-7f1ff803c000 r--s 00000000 08:02 6036356                    /var/cache/fontconfig/a0513722a37733a9dfd54dccd328039d-le64.cache-4
7f1ff803c000-7f1ff8040000 r--s 00000000 08:02 6035752                    /var/cache/fontconfig/246184dc75a16901ca37d96895904249-le64.cache-4
7f1ff8040000-7f1ff804d000 r--s 00000000 08:02 6035736                    /var/cache/fontconfig/089dead882dea3570ffc31a9898cfb69-le64.cache-4
7f1ff804d000-7f1ff805f000 r--s 00000000 08:02 6035170                    /var/cache/fontconfig/9b89f8e3dae116d678bbf48e5f21f69b-le64.cache-4
7f1ff805f000-7f1ff8066000 r--s 00000000 08:02 6030950                    /var/cache/fontconfig/53d14c92082a93e67d5078324eb314ca-le64.cache-4
7f1ff8066000-7f1ff806a000 r--s 00000000 08:02 6030928                    /var/cache/fontconfig/6c08beecf0dac481ec92e759e0c2e6d7-le64.cache-4
7f1ff806a000-7f1ff809f000 r-xp 00000000 08:02 3673905                    /usr/lib/x86_64-linux-gnu/librsvg-2.so.2.40.16
7f1ff809f000-7f1ff829e000 ---p 00035000 08:02 3673905                    /usr/lib/x86_64-linux-gnu/librsvg-2.so.2.40.16
7f1ff829e000-7f1ff829f000 r--p 00034000 08:02 3673905                    /usr/lib/x86_64-linux-gnu/librsvg-2.so.2.40.16
7f1ff829f000-7f1ff82a0000 rw-p 00035000 08:02 3673905                    /usr/lib/x86_64-linux-gnu/librsvg-2.so.2.40.16
7f1ff82a0000-7f1ff82a1000 r--s 00000000 08:02 6040258                    /var/cache/fontconfig/d5178ab6d91b49bf20a416737dcea9e8-le64.cache-4
7f1ff82a1000-7f1ff82bd000 r--s 00000000 08:02 6029413                    /var/cache/fontconfig/e13b20fdb08344e0e664864cc2ede53d-le64.cache-4
7f1ff82bd000-7f1ff82c5000 r--s 00000000 08:02 6035334                    /var/cache/fontconfig/3830d5c3ddfd5cd38a049b759396e72e-le64.cache-4
7f1ff82c5000-7f1ff82c7000 r-xp 00000000 08:02 3671512                    /usr/lib/x86_64-linux-gnu/gdk-pixbuf-2.0/2.10.0/loaders/libpixbufloader-svg.so
7f1ff82c7000-7f1ff84c6000 ---p 00002000 08:02 3671512                    /usr/lib/x86_64-linux-gnu/gdk-pixbuf-2.0/2.10.0/loaders/libpixbufloader-svg.so
7f1ff84c6000-7f1ff84c7000 r--p 00001000 08:02 3671512                    /usr/lib/x86_64-linux-gnu/gdk-pixbuf-2.0/2.10.0/loaders/libpixbufloader-svg.so
7f1ff84c7000-7f1ff84c8000 rw-p 00002000 08:02 3671512                    /usr/lib/x86_64-linux-gnu/gdk-pixbuf-2.0/2.10.0/loaders/libpixbufloader-svg.so
7f1ff84c8000-7f1ff84d4000 r-xp 00000000 08:02 3671962                    /usr/lib/x86_64-linux-gnu/gio/modules/libdconfsettings.so
7f1ff84d4000-7f1ff86d3000 ---p 0000c000 08:02 3671962                    /usr/lib/x86_64-linux-gnu/gio/modules/libdconfsettings.so
7f1ff86d3000-7f1ff86d4000 r--p 0000b000 08:02 3671962                    /usr/lib/x86_64-linux-gnu/gio/modules/libdconfsettings.so
7f1ff86d4000-7f1ff86d5000 rw-p 0000c000 08:02 3671962                    /usr/lib/x86_64-linux-gnu/gio/modules/libdconfsettings.so
7f1ff86d5000-7f1ff86ee000 r-xp 00000000 08:02 3671966                    /usr/lib/x86_64-linux-gnu/gio/modules/libgioremote-volume-monitor.so
7f1ff86ee000-7f1ff88ee000 ---p 00019000 08:02 3671966                    /usr/lib/x86_64-linux-gnu/gio/modules/libgioremote-volume-monitor.so
7f1ff88ee000-7f1ff88f1000 r--p 00019000 08:02 3671966                    /usr/lib/x86_64-linux-gnu/gio/modules/libgioremote-volume-monitor.so
7f1ff88f1000-7f1ff88f2000 rw-p 0001c000 08:02 3671966                    /usr/lib/x86_64-linux-gnu/gio/modules/libgioremote-volume-monitor.so
7f1ff88f2000-7f1ff88f4000 r-xp 00000000 08:02 4851565                    /lib/x86_64-linux-gnu/libutil-2.24.so
7f1ff88f4000-7f1ff8af3000 ---p 00002000 08:02 4851565                    /lib/x86_64-linux-gnu/libutil-2.24.so
7f1ff8af3000-7f1ff8af4000 r--p 00001000 08:02 4851565                    /lib/x86_64-linux-gnu/libutil-2.24.so
7f1ff8af4000-7f1ff8af5000 rw-p 00002000 08:02 4851565                    /lib/x86_64-linux-gnu/libutil-2.24.so
7f1ff8af5000-7f1ff8b2b000 r-xp 00000000 08:02 3672429                    /usr/lib/x86_64-linux-gnu/gvfs/libgvfscommon.so
7f1ff8b2b000-7f1ff8d2b000 ---p 00036000 08:02 3672429                    /usr/lib/x86_64-linux-gnu/gvfs/libgvfscommon.so
7f1ff8d2b000-7f1ff8d31000 r--p 00036000 08:02 3672429                    /usr/lib/x86_64-linux-gnu/gvfs/libgvfscommon.so
7f1ff8d31000-7f1ff8d32000 rw-p 0003c000 08:02 3672429                    /usr/lib/x86_64-linux-gnu/gvfs/libgvfscommon.so
7f1ff8d32000-7f1ff8d61000 r-xp 00000000 08:02 3671967                    /usr/lib/x86_64-linux-gnu/gio/modules/libgvfsdbus.so
7f1ff8d61000-7f1ff8f61000 ---p 0002f000 08:02 3671967                    /usr/lib/x86_64-linux-gnu/gio/modules/libgvfsdbus.so
7f1ff8f61000-7f1ff8f63000 r--p 0002f000 08:02 3671967                    /usr/lib/x86_64-linux-gnu/gio/modules/libgvfsdbus.so
7f1ff8f63000-7f1ff8f64000 rw-p 00031000 08:02 3671967                    /usr/lib/x86_64-linux-gnu/gio/modules/libgvfsdbus.so
7f1ff8f64000-7f1ff8f67000 ---p 00000000 00:00 0 
7f1ff8f67000-7f1ff9065000 rw-p 00000000 00:00 0 
7f1ff9065000-7f1ff9068000 ---p 00000000 00:00 0 
7f1ff9068000-7f1ff9166000 rw-p 00000000 00:00 0 
7f1ff9166000-7f1ff9169000 ---p 00000000 00:00 0 
7f1ff9169000-7f1ff9267000 rw-p 00000000 00:00 0 
7f1ff9267000-7f1ff926e000 r-xp 00000000 08:02 3673717                    /usr/lib/x86_64-linux-gnu/libogg.so.0.8.2
7f1ff926e000-7f1ff946e000 ---p 00007000 08:02 3673717                    /usr/lib/x86_64-linux-gnu/libogg.so.0.8.2
7f1ff946e000-7f1ff946f000 r--p 00007000 08:02 3673717                    /usr/lib/x86_64-linux-gnu/libogg.so.0.8.2
7f1ff946f000-7f1ff9470000 rw-p 00008000 08:02 3673717                    /usr/lib/x86_64-linux-gnu/libogg.so.0.8.2
7f1ff9470000-7f1ff949a000 r-xp 00000000 08:02 3674139                    /usr/lib/x86_64-linux-gnu/libvorbis.so.0.4.8
7f1ff949a000-7f1ff969a000 ---p 0002a000 08:02 3674139                    /usr/lib/x86_64-linux-gnu/libvorbis.so.0.4.8
7f1ff969a000-7f1ff969b000 r--p 0002a000 08:02 3674139                    /usr/lib/x86_64-linux-gnu/libvorbis.so.0.4.8
7f1ff969b000-7f1ff969c000 rw-p 0002b000 08:02 3674139                    /usr/lib/x86_64-linux-gnu/libvorbis.so.0.4.8
7f1ff969c000-7f1ff96a5000 r-xp 00000000 08:02 3673502                    /usr/lib/x86_64-linux-gnu/libltdl.so.7.3.1
7f1ff96a5000-7f1ff98a4000 ---p 00009000 08:02 3673502                    /usr/lib/x86_64-linux-gnu/libltdl.so.7.3.1
7f1ff98a4000-7f1ff98a5000 r--p 00008000 08:02 3673502                    /usr/lib/x86_64-linux-gnu/libltdl.so.7.3.1
7f1ff98a5000-7f1ff98a6000 rw-p 00009000 08:02 3673502                    /usr/lib/x86_64-linux-gnu/libltdl.so.7.3.1
7f1ff98a6000-7f1ff98bb000 r-xp 00000000 08:02 3674037                    /usr/lib/x86_64-linux-gnu/libtdb.so.1.3.11
7f1ff98bb000-7f1ff9aba000 ---p 00015000 08:02 3674037                    /usr/lib/x86_64-linux-gnu/libtdb.so.1.3.11
7f1ff9aba000-7f1ff9abb000 r--p 00014000 08:02 3674037                    /usr/lib/x86_64-linux-gnu/libtdb.so.1.3.11
7f1ff9abb000-7f1ff9abc000 rw-p 00015000 08:02 3674037                    /usr/lib/x86_64-linux-gnu/libtdb.so.1.3.11
7f1ff9abc000-7f1ff9ac4000 r-xp 00000000 08:02 3674143                    /usr/lib/x86_64-linux-gnu/libvorbisfile.so.3.3.7
7f1ff9ac4000-7f1ff9cc3000 ---p 00008000 08:02 3674143                    /usr/lib/x86_64-linux-gnu/libvorbisfile.so.3.3.7
7f1ff9cc3000-7f1ff9cc4000 r--p 00007000 08:02 3674143                    /usr/lib/x86_64-linux-gnu/libvorbisfile.so.3.3.7
7f1ff9cc4000-7f1ff9cc5000 rw-p 00008000 08:02 3674143                    /usr/lib/x86_64-linux-gnu/libvorbisfile.so.3.3.7
7f1ff9cc5000-7f1ff9cd6000 r-xp 00000000 08:02 3672794                    /usr/lib/x86_64-linux-gnu/libcanberra.so.0.2.5
7f1ff9cd6000-7f1ff9ed5000 ---p 00011000 08:02 3672794                    /usr/lib/x86_64-linux-gnu/libcanberra.so.0.2.5
7f1ff9ed5000-7f1ff9ed6000 r--p 00010000 08:02 3672794                    /usr/lib/x86_64-linux-gnu/libcanberra.so.0.2.5
7f1ff9ed6000-7f1ff9ed7000 rw-p 00011000 08:02 3672794                    /usr/lib/x86_64-linux-gnu/libcanberra.so.0.2.5
7f1ff9ed7000-7f1ff9edb000 r-xp 00000000 08:02 3674448                    /usr/lib/x86_64-linux-gnu/libcanberra-gtk.so.0.1.9
7f1ff9edb000-7f1ffa0da000 ---p 00004000 08:02 3674448                    /usr/lib/x86_64-linux-gnu/libcanberra-gtk.so.0.1.9
7f1ffa0da000-7f1ffa0db000 r--p 00003000 08:02 3674448                    /usr/lib/x86_64-linux-gnu/libcanberra-gtk.so.0.1.9
7f1ffa0db000-7f1ffa0dc000 rw-p 00004000 08:02 3674448                    /usr/lib/x86_64-linux-gnu/libcanberra-gtk.so.0.1.9
7f1ffa0dc000-7f1ffa0e1000 r-xp 00000000 08:02 3674450                    /usr/lib/x86_64-linux-gnu/gtk-2.0/modules/libcanberra-gtk-module.so
7f1ffa0e1000-7f1ffa2e0000 ---p 00005000 08:02 3674450                    /usr/lib/x86_64-linux-gnu/gtk-2.0/modules/libcanberra-gtk-module.so
7f1ffa2e0000-7f1ffa2e1000 r--p 00004000 08:02 3674450                    /usr/lib/x86_64-linux-gnu/gtk-2.0/modules/libcanberra-gtk-module.so
7f1ffa2e1000-7f1ffa2e2000 rw-p 00005000 08:02 3674450                    /usr/lib/x86_64-linux-gnu/gtk-2.0/modules/libcanberra-gtk-module.so
7f1ffa2e2000-7f1ffa2ec000 r-xp 00000000 08:02 3672366                    /usr/lib/x86_64-linux-gnu/gtk-2.0/2.10.0/engines/libpixmap.so
7f1ffa2ec000-7f1ffa4eb000 ---p 0000a000 08:02 3672366                    /usr/lib/x86_64-linux-gnu/gtk-2.0/2.10.0/engines/libpixmap.so
7f1ffa4eb000-7f1ffa4ec000 r--p 00009000 08:02 3672366                    /usr/lib/x86_64-linux-gnu/gtk-2.0/2.10.0/engines/libpixmap.so
7f1ffa4ec000-7f1ffa4ed000 rw-p 0000a000 08:02 3672366                    /usr/lib/x86_64-linux-gnu/gtk-2.0/2.10.0/engines/libpixmap.so
7f1ffa4ed000-7f1ffa4ef000 r-xp 00000000 08:02 3672365                    /usr/lib/x86_64-linux-gnu/gtk-2.0/2.10.0/engines/libadwaita.so
7f1ffa4ef000-7f1ffa6ef000 ---p 00002000 08:02 3672365                    /usr/lib/x86_64-linux-gnu/gtk-2.0/2.10.0/engines/libadwaita.so
7f1ffa6ef000-7f1ffa6f0000 r--p 00002000 08:02 3672365                    /usr/lib/x86_64-linux-gnu/gtk-2.0/2.10.0/engines/libadwaita.so
7f1ffa6f0000-7f1ffa6f1000 rw-p 00003000 08:02 3672365                    /usr/lib/x86_64-linux-gnu/gtk-2.0/2.10.0/engines/libadwaita.so
7f1ffa6f1000-7f1ffab2d000 r-xp 00000000 08:02 3673330                    /usr/lib/x86_64-linux-gnu/libgtk-x11-2.0.so.0.2400.31
7f1ffab2d000-7f1ffad2c000 ---p 0043c000 08:02 3673330                    /usr/lib/x86_64-linux-gnu/libgtk-x11-2.0.so.0.2400.31
7f1ffad2c000-7f1ffad33000 r--p 0043b000 08:02 3673330                    /usr/lib/x86_64-linux-gnu/libgtk-x11-2.0.so.0.2400.31
7f1ffad33000-7f1ffad37000 rw-p 00442000 08:02 3673330                    /usr/lib/x86_64-linux-gnu/libgtk-x11-2.0.so.0.2400.31
7f1ffad37000-7f1ffad3a000 rw-p 00000000 00:00 0 
7f1ffad3a000-7f1ffad3e000 r-xp 00000000 08:02 4851568                    /lib/x86_64-linux-gnu/libuuid.so.1.3.0
7f1ffad3e000-7f1ffaf3d000 ---p 00004000 08:02 4851568                    /lib/x86_64-linux-gnu/libuuid.so.1.3.0
7f1ffaf3d000-7f1ffaf3e000 r--p 00003000 08:02 4851568                    /lib/x86_64-linux-gnu/libuuid.so.1.3.0
7f1ffaf3e000-7f1ffaf3f000 rw-p 00004000 08:02 4851568                    /lib/x86_64-linux-gnu/libuuid.so.1.3.0
7f1ffaf3f000-7f1ffaf6a000 r-xp 00000000 08:02 3673240                    /usr/lib/x86_64-linux-gnu/libgraphite2.so.3.0.1
7f1ffaf6a000-7f1ffb169000 ---p 0002b000 08:02 3673240                    /usr/lib/x86_64-linux-gnu/libgraphite2.so.3.0.1
7f1ffb169000-7f1ffb16b000 r--p 0002a000 08:02 3673240                    /usr/lib/x86_64-linux-gnu/libgraphite2.so.3.0.1
7f1ffb16b000-7f1ffb16c000 rw-p 0002c000 08:02 3673240                    /usr/lib/x86_64-linux-gnu/libgraphite2.so.3.0.1
7f1ffb16c000-7f1ffb1ad000 r-xp 00000000 08:02 4851417                    /lib/x86_64-linux-gnu/libblkid.so.1.1.0
7f1ffb1ad000-7f1ffb3ac000 ---p 00041000 08:02 4851417                    /lib/x86_64-linux-gnu/libblkid.so.1.1.0
7f1ffb3ac000-7f1ffb3b0000 r--p 00040000 08:02 4851417                    /lib/x86_64-linux-gnu/libblkid.so.1.1.0
7f1ffb3b0000-7f1ffb3b1000 rw-p 00044000 08:02 4851417                    /lib/x86_64-linux-gnu/libblkid.so.1.1.0
7f1ffb3b1000-7f1ffb3b2000 rw-p 00000000 00:00 0 
7f1ffb3b2000-7f1ffb3c5000 r-xp 00000000 08:02 4851462                    /lib/x86_64-linux-gnu/libgpg-error.so.0.21.0
7f1ffb3c5000-7f1ffb5c4000 ---p 00013000 08:02 4851462                    /lib/x86_64-linux-gnu/libgpg-error.so.0.21.0
7f1ffb5c4000-7f1ffb5c5000 r--p 00012000 08:02 4851462                    /lib/x86_64-linux-gnu/libgpg-error.so.0.21.0
7f1ffb5c5000-7f1ffb5c6000 rw-p 00013000 08:02 4851462                    /lib/x86_64-linux-gnu/libgpg-error.so.0.21.0
7f1ffb5c6000-7f1ffb5cd000 r-xp 00000000 08:02 3672885                    /usr/lib/x86_64-linux-gnu/libdatrie.so.1.3.3
7f1ffb5cd000-7f1ffb7cc000 ---p 00007000 08:02 3672885                    /usr/lib/x86_64-linux-gnu/libdatrie.so.1.3.3
7f1ffb7cc000-7f1ffb7cd000 r--p 00006000 08:02 3672885                    /usr/lib/x86_64-linux-gnu/libdatrie.so.1.3.3
7f1ffb7cd000-7f1ffb7ce000 rw-p 00007000 08:02 3672885                    /usr/lib/x86_64-linux-gnu/libdatrie.so.1.3.3
7f1ffb7ce000-7f1ffb861000 r-xp 00000000 08:02 3673368                    /usr/lib/x86_64-linux-gnu/libharfbuzz.so.0.10400.2
7f1ffb861000-7f1ffba60000 ---p 00093000 08:02 3673368                    /usr/lib/x86_64-linux-gnu/libharfbuzz.so.0.10400.2
7f1ffba60000-7f1ffba62000 r--p 00092000 08:02 3673368                    /usr/lib/x86_64-linux-gnu/libharfbuzz.so.0.10400.2
7f1ffba62000-7f1ffba63000 rw-p 00094000 08:02 3673368                    /usr/lib/x86_64-linux-gnu/libharfbuzz.so.0.10400.2
7f1ffba63000-7f1ffba8a000 r-xp 00000000 08:02 4851449                    /lib/x86_64-linux-gnu/libexpat.so.1.6.2
7f1ffba8a000-7f1ffbc8a000 ---p 00027000 08:02 4851449                    /lib/x86_64-linux-gnu/libexpat.so.1.6.2
7f1ffbc8a000-7f1ffbc8c000 r--p 00027000 08:02 4851449                    /lib/x86_64-linux-gnu/libexpat.so.1.6.2
7f1ffbc8c000-7f1ffbc8d000 rw-p 00029000 08:02 4851449                    /lib/x86_64-linux-gnu/libexpat.so.1.6.2
7f1ffbc8d000-7f1ffbcd7000 r-xp 00000000 08:02 4851484                    /lib/x86_64-linux-gnu/libmount.so.1.1.0
7f1ffbcd7000-7f1ffbed7000 ---p 0004a000 08:02 4851484                    /lib/x86_64-linux-gnu/libmount.so.1.1.0
7f1ffbed7000-7f1ffbed8000 r--p 0004a000 08:02 4851484                    /lib/x86_64-linux-gnu/libmount.so.1.1.0
7f1ffbed8000-7f1ffbed9000 rw-p 0004b000 08:02 4851484                    /lib/x86_64-linux-gnu/libmount.so.1.1.0
7f1ffbed9000-7f1ffbedb000 rw-p 00000000 00:00 0 
7f1ffbedb000-7f1ffbeef000 r-xp 00000000 08:02 4851539                    /lib/x86_64-linux-gnu/libresolv-2.24.so
7f1ffbeef000-7f1ffc0ee000 ---p 00014000 08:02 4851539                    /lib/x86_64-linux-gnu/libresolv-2.24.so
7f1ffc0ee000-7f1ffc0ef000 r--p 00013000 08:02 4851539                    /lib/x86_64-linux-gnu/libresolv-2.24.so
7f1ffc0ef000-7f1ffc0f0000 rw-p 00014000 08:02 4851539                    /lib/x86_64-linux-gnu/libresolv-2.24.so
7f1ffc0f0000-7f1ffc0f2000 rw-p 00000000 00:00 0 
7f1ffc0f2000-7f1ffc1f9000 r-xp 00000000 08:02 4851458                    /lib/x86_64-linux-gnu/libgcrypt.so.20.1.6
7f1ffc1f9000-7f1ffc3f9000 ---p 00107000 08:02 4851458                    /lib/x86_64-linux-gnu/libgcrypt.so.20.1.6
7f1ffc3f9000-7f1ffc3fb000 r--p 00107000 08:02 4851458                    /lib/x86_64-linux-gnu/libgcrypt.so.20.1.6
7f1ffc3fb000-7f1ffc402000 rw-p 00109000 08:02 4851458                    /lib/x86_64-linux-gnu/libgcrypt.so.20.1.6
7f1ffc402000-7f1ffc413000 r-xp 00000000 08:02 3673566                    /usr/lib/x86_64-linux-gnu/liblz4.so.1.7.1
7f1ffc413000-7f1ffc612000 ---p 00011000 08:02 3673566                    /usr/lib/x86_64-linux-gnu/liblz4.so.1.7.1
7f1ffc612000-7f1ffc613000 r--p 00010000 08:02 3673566                    /usr/lib/x86_64-linux-gnu/liblz4.so.1.7.1
7f1ffc613000-7f1ffc614000 rw-p 00011000 08:02 3673566                    /usr/lib/x86_64-linux-gnu/liblz4.so.1.7.1
7f1ffc614000-7f1ffc639000 r-xp 00000000 08:02 4851475                    /lib/x86_64-linux-gnu/liblzma.so.5.2.2
7f1ffc639000-7f1ffc838000 ---p 00025000 08:02 4851475                    /lib/x86_64-linux-gnu/liblzma.so.5.2.2
7f1ffc838000-7f1ffc839000 r--p 00024000 08:02 4851475                    /lib/x86_64-linux-gnu/liblzma.so.5.2.2
7f1ffc839000-7f1ffc83a000 rw-p 00025000 08:02 4851475                    /lib/x86_64-linux-gnu/liblzma.so.5.2.2
7f1ffc83a000-7f1ffc85f000 r-xp 00000000 08:02 4851545                    /lib/x86_64-linux-gnu/libselinux.so.1
7f1ffc85f000-7f1ffca5e000 ---p 00025000 08:02 4851545                    /lib/x86_64-linux-gnu/libselinux.so.1
7f1ffca5e000-7f1ffca5f000 r--p 00024000 08:02 4851545                    /lib/x86_64-linux-gnu/libselinux.so.1
7f1ffca5f000-7f1ffca60000 rw-p 00025000 08:02 4851545                    /lib/x86_64-linux-gnu/libselinux.so.1
7f1ffca60000-7f1ffca62000 rw-p 00000000 00:00 0 
7f1ffca62000-7f1ffcad4000 r-xp 00000000 08:02 4851530                    /lib/x86_64-linux-gnu/libpcre.so.3.13.3
7f1ffcad4000-7f1ffccd3000 ---p 00072000 08:02 4851530                    /lib/x86_64-linux-gnu/libpcre.so.3.13.3
7f1ffccd3000-7f1ffccd4000 r--p 00071000 08:02 4851530                    /lib/x86_64-linux-gnu/libpcre.so.3.13.3
7f1ffccd4000-7f1ffccd5000 rw-p 00072000 08:02 4851530                    /lib/x86_64-linux-gnu/libpcre.so.3.13.3
7f1ffccd5000-7f1ffccdc000 r-xp 00000000 08:02 3673017                    /usr/lib/x86_64-linux-gnu/libffi.so.6.0.4
7f1ffccdc000-7f1ffcedc000 ---p 00007000 08:02 3673017                    /usr/lib/x86_64-linux-gnu/libffi.so.6.0.4
7f1ffcedc000-7f1ffcedd000 r--p 00007000 08:02 3673017                    /usr/lib/x86_64-linux-gnu/libffi.so.6.0.4
7f1ffcedd000-7f1ffcede000 rw-p 00008000 08:02 3673017                    /usr/lib/x86_64-linux-gnu/libffi.so.6.0.4
7f1ffcede000-7f1ffceea000 r-xp 00000000 08:02 3674246                    /usr/lib/x86_64-linux-gnu/libxcb-render.so.0.0.0
7f1ffceea000-7f1ffd0ea000 ---p 0000c000 08:02 3674246                    /usr/lib/x86_64-linux-gnu/libxcb-render.so.0.0.0
7f1ffd0ea000-7f1ffd0eb000 r--p 0000c000 08:02 3674246                    /usr/lib/x86_64-linux-gnu/libxcb-render.so.0.0.0
7f1ffd0eb000-7f1ffd0ec000 rw-p 0000d000 08:02 3674246                    /usr/lib/x86_64-linux-gnu/libxcb-render.so.0.0.0
7f1ffd0ec000-7f1ffd0ee000 r-xp 00000000 08:02 3674252                    /usr/lib/x86_64-linux-gnu/libxcb-shm.so.0.0.0
7f1ffd0ee000-7f1ffd2ee000 ---p 00002000 08:02 3674252                    /usr/lib/x86_64-linux-gnu/libxcb-shm.so.0.0.0
7f1ffd2ee000-7f1ffd2ef000 r--p 00002000 08:02 3674252                    /usr/lib/x86_64-linux-gnu/libxcb-shm.so.0.0.0
7f1ffd2ef000-7f1ffd2f0000 rw-p 00003000 08:02 3674252                    /usr/lib/x86_64-linux-gnu/libxcb-shm.so.0.0.0
7f1ffd2f0000-7f1ffd38e000 r-xp 00000000 08:02 3673814                    /usr/lib/x86_64-linux-gnu/libpixman-1.so.0.34.0
7f1ffd38e000-7f1ffd58e000 ---p 0009e000 08:02 3673814                    /usr/lib/x86_64-linux-gnu/libpixman-1.so.0.34.0
7f1ffd58e000-7f1ffd596000 r--p 0009e000 08:02 3673814                    /usr/lib/x86_64-linux-gnu/libpixman-1.so.0.34.0
7f1ffd596000-7f1ffd597000 rw-p 000a6000 08:02 3673814                    /usr/lib/x86_64-linux-gnu/libpixman-1.so.0.34.0
7f1ffd597000-7f1ffd59f000 r-xp 00000000 08:02 3674049                    /usr/lib/x86_64-linux-gnu/libthai.so.0.3.0
7f1ffd59f000-7f1ffd79f000 ---p 00008000 08:02 3674049                    /usr/lib/x86_64-linux-gnu/libthai.so.0.3.0
7f1ffd79f000-7f1ffd7a0000 r--p 00008000 08:02 3674049                    /usr/lib/x86_64-linux-gnu/libthai.so.0.3.0
7f1ffd7a0000-7f1ffd7a1000 rw-p 00009000 08:02 3674049                    /usr/lib/x86_64-linux-gnu/libthai.so.0.3.0
7f1ffd7a1000-7f1ffd7b5000 r-xp 00000000 08:02 3673778                    /usr/lib/x86_64-linux-gnu/libpangoft2-1.0.so.0.4000.5
7f1ffd7b5000-7f1ffd9b5000 ---p 00014000 08:02 3673778                    /usr/lib/x86_64-linux-gnu/libpangoft2-1.0.so.0.4000.5
7f1ffd9b5000-7f1ffd9b6000 r--p 00014000 08:02 3673778                    /usr/lib/x86_64-linux-gnu/libpangoft2-1.0.so.0.4000.5
7f1ffd9b6000-7f1ffd9b7000 rw-p 00015000 08:02 3673778                    /usr/lib/x86_64-linux-gnu/libpangoft2-1.0.so.0.4000.5
7f1ffd9b7000-7f1ffdaa0000 r-xp 00000000 08:02 3672972                    /usr/lib/x86_64-linux-gnu/libepoxy.so.0.0.0
7f1ffdaa0000-7f1ffdc9f000 ---p 000e9000 08:02 3672972                    /usr/lib/x86_64-linux-gnu/libepoxy.so.0.0.0
7f1ffdc9f000-7f1ffdca6000 r--p 000e8000 08:02 3672972                    /usr/lib/x86_64-linux-gnu/libepoxy.so.0.0.0
7f1ffdca6000-7f1ffdcad000 rw-p 000ef000 08:02 3672972                    /usr/lib/x86_64-linux-gnu/libepoxy.so.0.0.0
7f1ffdcad000-7f1ffdcba000 r-xp 00000000 08:02 3674154                    /usr/lib/x86_64-linux-gnu/libwayland-client.so.0.3.0
7f1ffdcba000-7f1ffdeb9000 ---p 0000d000 08:02 3674154                    /usr/lib/x86_64-linux-gnu/libwayland-client.so.0.3.0
7f1ffdeb9000-7f1ffdebb000 r--p 0000c000 08:02 3674154                    /usr/lib/x86_64-linux-gnu/libwayland-client.so.0.3.0
7f1ffdebb000-7f1ffdebc000 rw-p 0000e000 08:02 3674154                    /usr/lib/x86_64-linux-gnu/libwayland-client.so.0.3.0
7f1ffdebc000-7f1ffdebd000 r-xp 00000000 08:02 3674158                    /usr/lib/x86_64-linux-gnu/libwayland-egl.so.1.0.0
7f1ffdebd000-7f1ffe0bc000 ---p 00001000 08:02 3674158                    /usr/lib/x86_64-linux-gnu/libwayland-egl.so.1.0.0
7f1ffe0bc000-7f1ffe0bd000 r--p 00000000 08:02 3674158                    /usr/lib/x86_64-linux-gnu/libwayland-egl.so.1.0.0
7f1ffe0bd000-7f1ffe0be000 rw-p 00001000 08:02 3674158                    /usr/lib/x86_64-linux-gnu/libwayland-egl.so.1.0.0
7f1ffe0be000-7f1ffe0c2000 r-xp 00000000 08:02 3674156                    /usr/lib/x86_64-linux-gnu/libwayland-cursor.so.0.0.0
7f1ffe0c2000-7f1ffe2c1000 ---p 00004000 08:02 3674156                    /usr/lib/x86_64-linux-gnu/libwayland-cursor.so.0.0.0
7f1ffe2c1000-7f1ffe2c2000 r--p 00003000 08:02 3674156                    /usr/lib/x86_64-linux-gnu/libwayland-cursor.so.0.0.0
7f1ffe2c2000-7f1ffe2c6000 rw-p 00004000 08:02 3674156                    /usr/lib/x86_64-linux-gnu/libwayland-cursor.so.0.0.0
7f1ffe2c6000-7f1ffe304000 r-xp 00000000 08:02 3674272                    /usr/lib/x86_64-linux-gnu/libxkbcommon.so.0.0.0
7f1ffe304000-7f1ffe503000 ---p 0003e000 08:02 3674272                    /usr/lib/x86_64-linux-gnu/libxkbcommon.so.0.0.0
7f1ffe503000-7f1ffe505000 r--p 0003d000 08:02 3674272                    /usr/lib/x86_64-linux-gnu/libxkbcommon.so.0.0.0
7f1ffe505000-7f1ffe506000 rw-p 0003f000 08:02 3674272                    /usr/lib/x86_64-linux-gnu/libxkbcommon.so.0.0.0
7f1ffe506000-7f1ffe508000 r-xp 00000000 08:02 3672620                    /usr/lib/x86_64-linux-gnu/libXdamage.so.1.1.0
7f1ffe508000-7f1ffe707000 ---p 00002000 08:02 3672620                    /usr/lib/x86_64-linux-gnu/libXdamage.so.1.1.0
7f1ffe707000-7f1ffe708000 r--p 00001000 08:02 3672620                    /usr/lib/x86_64-linux-gnu/libXdamage.so.1.1.0
7f1ffe708000-7f1ffe709000 rw-p 00002000 08:02 3672620                    /usr/lib/x86_64-linux-gnu/libXdamage.so.1.1.0
7f1ffe709000-7f1ffe70b000 r-xp 00000000 08:02 3672616                    /usr/lib/x86_64-linux-gnu/libXcomposite.so.1.0.0
7f1ffe70b000-7f1ffe90a000 ---p 00002000 08:02 3672616                    /usr/lib/x86_64-linux-gnu/libXcomposite.so.1.0.0
7f1ffe90a000-7f1ffe90b000 r--p 00001000 08:02 3672616                    /usr/lib/x86_64-linux-gnu/libXcomposite.so.1.0.0
7f1ffe90b000-7f1ffe90c000 rw-p 00002000 08:02 3672616                    /usr/lib/x86_64-linux-gnu/libXcomposite.so.1.0.0
7f1ffe90c000-7f1ffe916000 r-xp 00000000 08:02 3672644                    /usr/lib/x86_64-linux-gnu/libXrandr.so.2.2.0
7f1ffe916000-7f1ffeb15000 ---p 0000a000 08:02 3672644                    /usr/lib/x86_64-linux-gnu/libXrandr.so.2.2.0
7f1ffeb15000-7f1ffeb16000 r--p 00009000 08:02 3672644                    /usr/lib/x86_64-linux-gnu/libXrandr.so.2.2.0
7f1ffeb16000-7f1ffeb17000 rw-p 0000a000 08:02 3672644                    /usr/lib/x86_64-linux-gnu/libXrandr.so.2.2.0
7f1ffeb17000-7f1ffeb19000 r-xp 00000000 08:02 3672636                    /usr/lib/x86_64-linux-gnu/libXinerama.so.1.0.0
7f1ffeb19000-7f1ffed18000 ---p 00002000 08:02 3672636                    /usr/lib/x86_64-linux-gnu/libXinerama.so.1.0.0
7f1ffed18000-7f1ffed19000 r--p 00001000 08:02 3672636                    /usr/lib/x86_64-linux-gnu/libXinerama.so.1.0.0
7f1ffed19000-7f1ffed1a000 rw-p 00002000 08:02 3672636                    /usr/lib/x86_64-linux-gnu/libXinerama.so.1.0.0
7f1ffed1a000-7f1ffed56000 r-xp 00000000 08:02 3673065                    /usr/lib/x86_64-linux-gnu/libfontconfig.so.1.8.0
7f1ffed56000-7f1ffef55000 ---p 0003c000 08:02 3673065                    /usr/lib/x86_64-linux-gnu/libfontconfig.so.1.8.0
7f1ffef55000-7f1ffef57000 r--p 0003b000 08:02 3673065                    /usr/lib/x86_64-linux-gnu/libfontconfig.so.1.8.0
7f1ffef57000-7f1ffef58000 rw-p 0003d000 08:02 3673065                    /usr/lib/x86_64-linux-gnu/libfontconfig.so.1.8.0
7f1ffef58000-7f1fff0e5000 r-xp 00000000 08:02 3673173                    /usr/lib/x86_64-linux-gnu/libgio-2.0.so.0.5000.3
7f1fff0e5000-7f1fff2e5000 ---p 0018d000 08:02 3673173                    /usr/lib/x86_64-linux-gnu/libgio-2.0.so.0.5000.3
7f1fff2e5000-7f1fff2ea000 r--p 0018d000 08:02 3673173                    /usr/lib/x86_64-linux-gnu/libgio-2.0.so.0.5000.3
7f1fff2ea000-7f1fff2ed000 rw-p 00192000 08:02 3673173                    /usr/lib/x86_64-linux-gnu/libgio-2.0.so.0.5000.3
7f1fff2ed000-7f1fff2ee000 rw-p 00000000 00:00 0 
7f1fff2ee000-7f1fff372000 r-xp 00000000 08:02 4851146                    /lib/x86_64-linux-gnu/libsystemd.so.0.17.0
7f1fff372000-7f1fff373000 ---p 00084000 08:02 4851146                    /lib/x86_64-linux-gnu/libsystemd.so.0.17.0
7f1fff373000-7f1fff376000 r--p 00084000 08:02 4851146                    /lib/x86_64-linux-gnu/libsystemd.so.0.17.0
7f1fff376000-7f1fff377000 rw-p 00087000 08:02 4851146                    /lib/x86_64-linux-gnu/libsystemd.so.0.17.0
7f1fff377000-7f1fff378000 rw-p 00000000 00:00 0 
7f1fff378000-7f1fff37b000 r-xp 00000000 08:02 3673195                    /usr/lib/x86_64-linux-gnu/libgmodule-2.0.so.0.5000.3
7f1fff37b000-7f1fff57a000 ---p 00003000 08:02 3673195                    /usr/lib/x86_64-linux-gnu/libgmodule-2.0.so.0.5000.3
7f1fff57a000-7f1fff57b000 r--p 00002000 08:02 3673195                    /usr/lib/x86_64-linux-gnu/libgmodule-2.0.so.0.5000.3
7f1fff57b000-7f1fff57c000 rw-p 00003000 08:02 3673195                    /usr/lib/x86_64-linux-gnu/libgmodule-2.0.so.0.5000.3
7f1fff57c000-7f1fff68e000 r-xp 00000000 08:02 4851460                    /lib/x86_64-linux-gnu/libglib-2.0.so.0.5000.3
7f1fff68e000-7f1fff88d000 ---p 00112000 08:02 4851460                    /lib/x86_64-linux-gnu/libglib-2.0.so.0.5000.3
7f1fff88d000-7f1fff88e000 r--p 00111000 08:02 4851460                    /lib/x86_64-linux-gnu/libglib-2.0.so.0.5000.3
7f1fff88e000-7f1fff88f000 rw-p 00112000 08:02 4851460                    /lib/x86_64-linux-gnu/libglib-2.0.so.0.5000.3
7f1fff88f000-7f1fff890000 rw-p 00000000 00:00 0 
7f1fff890000-7f1fff8e2000 r-xp 00000000 08:02 3673221                    /usr/lib/x86_64-linux-gnu/libgobject-2.0.so.0.5000.3
7f1fff8e2000-7f1fffae1000 ---p 00052000 08:02 3673221                    /usr/lib/x86_64-linux-gnu/libgobject-2.0.so.0.5000.3
7f1fffae1000-7f1fffae2000 r--p 00051000 08:02 3673221                    /usr/lib/x86_64-linux-gnu/libgobject-2.0.so.0.5000.3
7f1fffae2000-7f1fffae3000 rw-p 00052000 08:02 3673221                    /usr/lib/x86_64-linux-gnu/libgobject-2.0.so.0.5000.3
7f1fffae3000-7f1fffbf1000 r-xp 00000000 08:02 3672784                    /usr/lib/x86_64-linux-gnu/libcairo.so.2.11400.8
7f1fffbf1000-7f1fffdf1000 ---p 0010e000 08:02 3672784                    /usr/lib/x86_64-linux-gnu/libcairo.so.2.11400.8
7f1fffdf1000-7f1fffdf4000 r--p 0010e000 08:02 3672784                    /usr/lib/x86_64-linux-gnu/libcairo.so.2.11400.8
7f1fffdf4000-7f1fffdf5000 rw-p 00111000 08:02 3672784                    /usr/lib/x86_64-linux-gnu/libcairo.so.2.11400.8
7f1fffdf5000-7f1fffdf7000 rw-p 00000000 00:00 0 
7f1fffdf7000-7f1fffdfd000 r-xp 00000000 08:02 3672782                    /usr/lib/x86_64-linux-gnu/libcairo-gobject.so.2.11400.8
7f1fffdfd000-7f1fffffd000 ---p 00006000 08:02 3672782                    /usr/lib/x86_64-linux-gnu/libcairo-gobject.so.2.11400.8
7f1fffffd000-7f1ffffff000 r--p 00006000 08:02 3672782                    /usr/lib/x86_64-linux-gnu/libcairo-gobject.so.2.11400.8
7f1ffffff000-7f2000000000 rw-p 00008000 08:02 3672782                    /usr/lib/x86_64-linux-gnu/libcairo-gobject.so.2.11400.8
7f2000000000-7f2000021000 rw-p 00000000 00:00 0 
7f2000021000-7f2004000000 ---p 00000000 00:00 0 
7f2004000000-7f2004021000 rw-p 00000000 00:00 0 
7f2004021000-7f2008000000 ---p 00000000 00:00 0 
7f2008000000-7f2008021000 rw-p 00000000 00:00 0 
7f2008021000-7f200c000000 ---p 00000000 00:00 0 
7f200c000000-7f200c001000 r--s 00000000 08:02 6040254                    /var/cache/fontconfig/551ecf3b0e8b0bca0f25c0944f561853-le64.cache-4
7f200c001000-7f200c002000 r--s 00000000 08:02 6038331                    /var/cache/fontconfig/88428b1e198e472de31ff5e772121fac-le64.cache-4
7f200c002000-7f200c006000 r--s 00000000 08:02 6030445                    /var/cache/fontconfig/4d6aee6d44eccb37054d3216e945f618-le64.cache-4
7f200c006000-7f200c02a000 r--s 00000000 08:02 5510769                    /usr/share/mime/mime.cache
7f200c02a000-7f200c041000 r--p 00000000 08:02 5114819                    /usr/share/icons/gnome/icon-theme.cache
7f200c041000-7f200c062000 rw-p 00000000 00:00 0 
7f200c062000-7f200c084000 r-xp 00000000 08:02 3673139                    /usr/lib/x86_64-linux-gnu/libgdk_pixbuf-2.0.so.0.3600.5
7f200c084000-7f200c284000 ---p 00022000 08:02 3673139                    /usr/lib/x86_64-linux-gnu/libgdk_pixbuf-2.0.so.0.3600.5
7f200c284000-7f200c285000 r--p 00022000 08:02 3673139                    /usr/lib/x86_64-linux-gnu/libgdk_pixbuf-2.0.so.0.3600.5
7f200c285000-7f200c286000 rw-p 00023000 08:02 3673139                    /usr/lib/x86_64-linux-gnu/libgdk_pixbuf-2.0.so.0.3600.5
7f200c286000-7f200c2cf000 r-xp 00000000 08:02 3673774                    /usr/lib/x86_64-linux-gnu/libpango-1.0.so.0.4000.5
7f200c2cf000-7f200c4ce000 ---p 00049000 08:02 3673774                    /usr/lib/x86_64-linux-gnu/libpango-1.0.so.0.4000.5
7f200c4ce000-7f200c4d1000 r--p 00048000 08:02 3673774                    /usr/lib/x86_64-linux-gnu/libpango-1.0.so.0.4000.5
7f200c4d1000-7f200c4d2000 rw-p 0004b000 08:02 3673774                    /usr/lib/x86_64-linux-gnu/libpango-1.0.so.0.4000.5
7f200c4d2000-7f200c4de000 r-xp 00000000 08:02 3673776                    /usr/lib/x86_64-linux-gnu/libpangocairo-1.0.so.0.4000.5
7f200c4de000-7f200c6dd000 ---p 0000c000 08:02 3673776                    /usr/lib/x86_64-linux-gnu/libpangocairo-1.0.so.0.4000.5
7f200c6dd000-7f200c6de000 r--p 0000b000 08:02 3673776                    /usr/lib/x86_64-linux-gnu/libpangocairo-1.0.so.0.4000.5
7f200c6de000-7f200c6df000 rw-p 0000c000 08:02 3673776                    /usr/lib/x86_64-linux-gnu/libpangocairo-1.0.so.0.4000.5
7f200c6df000-7f200c7cd000 r-xp 00000000 08:02 3673135                    /usr/lib/x86_64-linux-gnu/libgdk-3.so.0.2200.11
7f200c7cd000-7f200c9cc000 ---p 000ee000 08:02 3673135                    /usr/lib/x86_64-linux-gnu/libgdk-3.so.0.2200.11
7f200c9cc000-7f200c9d2000 r--p 000ed000 08:02 3673135                    /usr/lib/x86_64-linux-gnu/libgdk-3.so.0.2200.11
7f200c9d2000-7f200c9d5000 rw-p 000f3000 08:02 3673135                    /usr/lib/x86_64-linux-gnu/libgdk-3.so.0.2200.11
7f200c9d5000-7f200c9d6000 rw-p 00000000 00:00 0 
7f200c9d6000-7f200ca86000 r-xp 00000000 08:02 3673137                    /usr/lib/x86_64-linux-gnu/libgdk-x11-2.0.so.0.2400.31
7f200ca86000-7f200cc85000 ---p 000b0000 08:02 3673137                    /usr/lib/x86_64-linux-gnu/libgdk-x11-2.0.so.0.2400.31
7f200cc85000-7f200cc89000 r--p 000af000 08:02 3673137                    /usr/lib/x86_64-linux-gnu/libgdk-x11-2.0.so.0.2400.31
7f200cc89000-7f200cc8b000 rw-p 000b3000 08:02 3673137                    /usr/lib/x86_64-linux-gnu/libgdk-x11-2.0.so.0.2400.31
7f200cc8b000-7f200cc8c000 r-xp 00000000 08:02 3673324                    /usr/lib/x86_64-linux-gnu/libgthread-2.0.so.0.5000.3
7f200cc8c000-7f200ce8b000 ---p 00001000 08:02 3673324                    /usr/lib/x86_64-linux-gnu/libgthread-2.0.so.0.5000.3
7f200ce8b000-7f200ce8c000 r--p 00000000 08:02 3673324                    /usr/lib/x86_64-linux-gnu/libgthread-2.0.so.0.5000.3
7f200ce8c000-7f200ce8d000 rw-p 00001000 08:02 3673324                    /usr/lib/x86_64-linux-gnu/libgthread-2.0.so.0.5000.3
7f200ce8d000-7f200ceda000 r-xp 00000000 08:02 4851440                    /lib/x86_64-linux-gnu/libdbus-1.so.3.14.15
7f200ceda000-7f200d0da000 ---p 0004d000 08:02 4851440                    /lib/x86_64-linux-gnu/libdbus-1.so.3.14.15
7f200d0da000-7f200d0dc000 r--p 0004d000 08:02 4851440                    /lib/x86_64-linux-gnu/libdbus-1.so.3.14.15
7f200d0dc000-7f200d0dd000 rw-p 0004f000 08:02 4851440                    /lib/x86_64-linux-gnu/libdbus-1.so.3.14.15
7f200d0dd000-7f200d10a000 r-xp 00000000 08:02 3672719                    /usr/lib/x86_64-linux-gnu/libatspi.so.0.0.1
7f200d10a000-7f200d30a000 ---p 0002d000 08:02 3672719                    /usr/lib/x86_64-linux-gnu/libatspi.so.0.0.1
7f200d30a000-7f200d30d000 r--p 0002d000 08:02 3672719                    /usr/lib/x86_64-linux-gnu/libatspi.so.0.0.1
7f200d30d000-7f200d30e000 rw-p 00030000 08:02 3672719                    /usr/lib/x86_64-linux-gnu/libatspi.so.0.0.1
7f200d30e000-7f200d33b000 r-xp 00000000 08:02 3672713                    /usr/lib/x86_64-linux-gnu/libatk-bridge-2.0.so.0.0.0
7f200d33b000-7f200d53a000 ---p 0002d000 08:02 3672713                    /usr/lib/x86_64-linux-gnu/libatk-bridge-2.0.so.0.0.0
7f200d53a000-7f200d53b000 r--p 0002c000 08:02 3672713                    /usr/lib/x86_64-linux-gnu/libatk-bridge-2.0.so.0.0.0
7f200d53b000-7f200d53d000 rw-p 0002d000 08:02 3672713                    /usr/lib/x86_64-linux-gnu/libatk-bridge-2.0.so.0.0.0
7f200d53d000-7f200d560000 r-xp 00000000 08:02 3672711                    /usr/lib/x86_64-linux-gnu/libatk-1.0.so.0.22209.1
7f200d560000-7f200d75f000 ---p 00023000 08:02 3672711                    /usr/lib/x86_64-linux-gnu/libatk-1.0.so.0.22209.1
7f200d75f000-7f200d762000 r--p 00022000 08:02 3672711                    /usr/lib/x86_64-linux-gnu/libatk-1.0.so.0.22209.1
7f200d762000-7f200d763000 rw-p 00025000 08:02 3672711                    /usr/lib/x86_64-linux-gnu/libatk-1.0.so.0.22209.1
7f200d763000-7f200d779000 r-xp 00000000 08:02 3672434                    /usr/lib/x86_64-linux-gnu/jni/libatk-wrapper.so.6.0.0
7f200d779000-7f200d978000 ---p 00016000 08:02 3672434                    /usr/lib/x86_64-linux-gnu/jni/libatk-wrapper.so.6.0.0
7f200d978000-7f200d979000 r--p 00015000 08:02 3672434                    /usr/lib/x86_64-linux-gnu/jni/libatk-wrapper.so.6.0.0
7f200d979000-7f200d97a000 rw-p 00016000 08:02 3672434                    /usr/lib/x86_64-linux-gnu/jni/libatk-wrapper.so.6.0.0
7f200d97a000-7f200d991000 r-xp 00000000 08:02 3281744                    /usr/lib/jvm/java-8-openjdk-amd64/jre/lib/amd64/libnet.so
7f200d991000-7f200db90000 ---p 00017000 08:02 3281744                    /usr/lib/jvm/java-8-openjdk-amd64/jre/lib/amd64/libnet.so
7f200db90000-7f200db91000 r--p 00016000 08:02 3281744                    /usr/lib/jvm/java-8-openjdk-amd64/jre/lib/amd64/libnet.so
7f200db91000-7f200db92000 rw-p 00017000 08:02 3281744                    /usr/lib/jvm/java-8-openjdk-amd64/jre/lib/amd64/libnet.so
7f200db92000-7f200dba3000 r-xp 00000000 08:02 3281745                    /usr/lib/jvm/java-8-openjdk-amd64/jre/lib/amd64/libnio.so
7f200dba3000-7f200dda3000 ---p 00011000 08:02 3281745                    /usr/lib/jvm/java-8-openjdk-amd64/jre/lib/amd64/libnio.so
7f200dda3000-7f200dda4000 r--p 00011000 08:02 3281745                    /usr/lib/jvm/java-8-openjdk-amd64/jre/lib/amd64/libnio.so
7f200dda4000-7f200dda5000 rw-p 00012000 08:02 3281745                    /usr/lib/jvm/java-8-openjdk-amd64/jre/lib/amd64/libnio.so
7f200dda5000-7f200dda8000 ---p 00000000 00:00 0 
7f200dda8000-7f200dea6000 rw-p 00000000 00:00 0 
7f200dea6000-7f200deab000 r-xp 00000000 08:02 3672626                    /usr/lib/x86_64-linux-gnu/libXfixes.so.3.1.0
7f200deab000-7f200e0aa000 ---p 00005000 08:02 3672626                    /usr/lib/x86_64-linux-gnu/libXfixes.so.3.1.0
7f200e0aa000-7f200e0ab000 r--p 00004000 08:02 3672626                    /usr/lib/x86_64-linux-gnu/libXfixes.so.3.1.0
7f200e0ab000-7f200e0ac000 rw-p 00005000 08:02 3672626                    /usr/lib/x86_64-linux-gnu/libXfixes.so.3.1.0
7f200e0ac000-7f200e0b6000 r-xp 00000000 08:02 3672618                    /usr/lib/x86_64-linux-gnu/libXcursor.so.1.0.2
7f200e0b6000-7f200e2b5000 ---p 0000a000 08:02 3672618                    /usr/lib/x86_64-linux-gnu/libXcursor.so.1.0.2
7f200e2b5000-7f200e2b6000 r--p 00009000 08:02 3672618                    /usr/lib/x86_64-linux-gnu/libXcursor.so.1.0.2
7f200e2b6000-7f200e2b7000 rw-p 0000a000 08:02 3672618                    /usr/lib/x86_64-linux-gnu/libXcursor.so.1.0.2
7f200e2b7000-7f200e2e8000 r-xp 00000000 08:02 3673820                    /usr/lib/x86_64-linux-gnu/libpng16.so.16.28.0
7f200e2e8000-7f200e4e8000 ---p 00031000 08:02 3673820                    /usr/lib/x86_64-linux-gnu/libpng16.so.16.28.0
7f200e4e8000-7f200e4e9000 r--p 00031000 08:02 3673820                    /usr/lib/x86_64-linux-gnu/libpng16.so.16.28.0
7f200e4e9000-7f200e4ea000 rw-p 00032000 08:02 3673820                    /usr/lib/x86_64-linux-gnu/libpng16.so.16.28.0
7f200e4ea000-7f200e592000 r-xp 00000000 08:02 3673093                    /usr/lib/x86_64-linux-gnu/libfreetype.so.6.12.3
7f200e592000-7f200e792000 ---p 000a8000 08:02 3673093                    /usr/lib/x86_64-linux-gnu/libfreetype.so.6.12.3
7f200e792000-7f200e798000 r--p 000a8000 08:02 3673093                    /usr/lib/x86_64-linux-gnu/libfreetype.so.6.12.3
7f200e798000-7f200e799000 rw-p 000ae000 08:02 3673093                    /usr/lib/x86_64-linux-gnu/libfreetype.so.6.12.3
7f200e799000-7f200e7ea000 r-xp 00000000 08:02 3281724                    /usr/lib/jvm/java-8-openjdk-amd64/jre/lib/amd64/libfontmanager.so
7f200e7ea000-7f200e9ea000 ---p 00051000 08:02 3281724                    /usr/lib/jvm/java-8-openjdk-amd64/jre/lib/amd64/libfontmanager.so
7f200e9ea000-7f200e9ec000 r--p 00051000 08:02 3281724                    /usr/lib/jvm/java-8-openjdk-amd64/jre/lib/amd64/libfontmanager.so
7f200e9ec000-7f200e9ed000 rw-p 00053000 08:02 3281724                    /usr/lib/jvm/java-8-openjdk-amd64/jre/lib/amd64/libfontmanager.so
7f200e9ed000-7f200ea00000 r-xp 00000000 08:02 4851421                    /lib/x86_64-linux-gnu/libbsd.so.0.8.3
7f200ea00000-7f200ec00000 ---p 00013000 08:02 4851421                    /lib/x86_64-linux-gnu/libbsd.so.0.8.3
7f200ec00000-7f200ec01000 r--p 00013000 08:02 4851421                    /lib/x86_64-linux-gnu/libbsd.so.0.8.3
7f200ec01000-7f200ec02000 rw-p 00014000 08:02 4851421                    /lib/x86_64-linux-gnu/libbsd.so.0.8.3
7f200ec02000-7f200ec03000 rw-p 00000000 00:00 0 
7f200ec03000-7f200ec08000 r-xp 00000000 08:02 3672622                    /usr/lib/x86_64-linux-gnu/libXdmcp.so.6.0.0
7f200ec08000-7f200ee07000 ---p 00005000 08:02 3672622                    /usr/lib/x86_64-linux-gnu/libXdmcp.so.6.0.0
7f200ee07000-7f200ee08000 r--p 00004000 08:02 3672622                    /usr/lib/x86_64-linux-gnu/libXdmcp.so.6.0.0
7f200ee08000-7f200ee09000 rw-p 00005000 08:02 3672622                    /usr/lib/x86_64-linux-gnu/libXdmcp.so.6.0.0
7f200ee09000-7f200ee0c000 r-xp 00000000 08:02 3672611                    /usr/lib/x86_64-linux-gnu/libXau.so.6.0.0
7f200ee0c000-7f200f00b000 ---p 00003000 08:02 3672611                    /usr/lib/x86_64-linux-gnu/libXau.so.6.0.0
7f200f00b000-7f200f00c000 r--p 00002000 08:02 3672611                    /usr/lib/x86_64-linux-gnu/libXau.so.6.0.0
7f200f00c000-7f200f00d000 rw-p 00003000 08:02 3672611                    /usr/lib/x86_64-linux-gnu/libXau.so.6.0.0
7f200f00d000-7f200f034000 r-xp 00000000 08:02 3674268                    /usr/lib/x86_64-linux-gnu/libxcb.so.1.1.0
7f200f034000-7f200f233000 ---p 00027000 08:02 3674268                    /usr/lib/x86_64-linux-gnu/libxcb.so.1.1.0
7f200f233000-7f200f234000 r--p 00026000 08:02 3674268                    /usr/lib/x86_64-linux-gnu/libxcb.so.1.1.0
7f200f234000-7f200f235000 rw-p 00027000 08:02 3674268                    /usr/lib/x86_64-linux-gnu/libxcb.so.1.1.0
7f200f235000-7f200f244000 r-xp 00000000 08:02 3672634                    /usr/lib/x86_64-linux-gnu/libXi.so.6.1.0
7f200f244000-7f200f443000 ---p 0000f000 08:02 3672634                    /usr/lib/x86_64-linux-gnu/libXi.so.6.1.0
7f200f443000-7f200f444000 r--p 0000e000 08:02 3672634                    /usr/lib/x86_64-linux-gnu/libXi.so.6.1.0
7f200f444000-7f200f445000 rw-p 0000f000 08:02 3672634                    /usr/lib/x86_64-linux-gnu/libXi.so.6.1.0
7f200f445000-7f200f44a000 r-xp 00000000 08:02 3672652                    /usr/lib/x86_64-linux-gnu/libXtst.so.6.1.0
7f200f44a000-7f200f649000 ---p 00005000 08:02 3672652                    /usr/lib/x86_64-linux-gnu/libXtst.so.6.1.0
7f200f649000-7f200f64a000 r--p 00004000 08:02 3672652                    /usr/lib/x86_64-linux-gnu/libXtst.so.6.1.0
7f200f64a000-7f200f64b000 rw-p 00005000 08:02 3672652                    /usr/lib/x86_64-linux-gnu/libXtst.so.6.1.0
7f200f64b000-7f200f654000 r-xp 00000000 08:02 3672646                    /usr/lib/x86_64-linux-gnu/libXrender.so.1.3.0
7f200f654000-7f200f853000 ---p 00009000 08:02 3672646                    /usr/lib/x86_64-linux-gnu/libXrender.so.1.3.0
7f200f853000-7f200f854000 r--p 00008000 08:02 3672646                    /usr/lib/x86_64-linux-gnu/libXrender.so.1.3.0
7f200f854000-7f200f855000 rw-p 00009000 08:02 3672646                    /usr/lib/x86_64-linux-gnu/libXrender.so.1.3.0
7f200f855000-7f200f98f000 r-xp 00000000 08:02 3672607                    /usr/lib/x86_64-linux-gnu/libX11.so.6.3.0
7f200f98f000-7f200fb8f000 ---p 0013a000 08:02 3672607                    /usr/lib/x86_64-linux-gnu/libX11.so.6.3.0
7f200fb8f000-7f200fb90000 r--p 0013a000 08:02 3672607                    /usr/lib/x86_64-linux-gnu/libX11.so.6.3.0
7f200fb90000-7f200fb95000 rw-p 0013b000 08:02 3672607                    /usr/lib/x86_64-linux-gnu/libX11.so.6.3.0
7f200fb95000-7f200fba6000 r-xp 00000000 08:02 3672624                    /usr/lib/x86_64-linux-gnu/libXext.so.6.4.0
7f200fba6000-7f200fda5000 ---p 00011000 08:02 3672624                    /usr/lib/x86_64-linux-gnu/libXext.so.6.4.0
7f200fda5000-7f200fda6000 r--p 00010000 08:02 3672624                    /usr/lib/x86_64-linux-gnu/libXext.so.6.4.0
7f200fda6000-7f200fda7000 rw-p 00011000 08:02 3672624                    /usr/lib/x86_64-linux-gnu/libXext.so.6.4.0
7f200fda7000-7f200fdfb000 r-xp 00000000 08:02 3281722                    /usr/lib/jvm/java-8-openjdk-amd64/jre/lib/amd64/libawt_xawt.so
7f200fdfb000-7f200fffb000 ---p 00054000 08:02 3281722                    /usr/lib/jvm/java-8-openjdk-amd64/jre/lib/amd64/libawt_xawt.so
7f200fffb000-7f200fffc000 r--p 00054000 08:02 3281722                    /usr/lib/jvm/java-8-openjdk-amd64/jre/lib/amd64/libawt_xawt.so
7f200fffc000-7f200ffff000 rw-p 00055000 08:02 3281722                    /usr/lib/jvm/java-8-openjdk-amd64/jre/lib/amd64/libawt_xawt.so
7f200ffff000-7f2010000000 rw-p 00000000 00:00 0 
7f2010000000-7f2010021000 rw-p 00000000 00:00 0 
7f2010021000-7f2014000000 ---p 00000000 00:00 0 
7f2014000000-7f2014021000 rw-p 00000000 00:00 0 
7f2014021000-7f2018000000 ---p 00000000 00:00 0 
7f2018000000-7f2018070000 rw-p 00000000 00:00 0 
7f2018070000-7f201c000000 ---p 00000000 00:00 0 
7f201c000000-7f201c6d4000 rw-p 00000000 00:00 0 
7f201c6d4000-7f2020000000 ---p 00000000 00:00 0 
7f2020000000-7f2020021000 rw-p 00000000 00:00 0 
7f2020021000-7f2024000000 ---p 00000000 00:00 0 
7f2024000000-7f2024108000 rw-p 00000000 00:00 0 
7f2024108000-7f2028000000 ---p 00000000 00:00 0 
7f2028000000-7f2028021000 rw-p 00000000 00:00 0 
7f2028021000-7f202c000000 ---p 00000000 00:00 0 
7f202c000000-7f202c021000 rw-p 00000000 00:00 0 
7f202c021000-7f2030000000 ---p 00000000 00:00 0 
7f2030000000-7f2030021000 rw-p 00000000 00:00 0 
7f2030021000-7f2034000000 ---p 00000000 00:00 0 
7f2034000000-7f2034001000 r--s 00000000 08:02 6038072                    /var/cache/fontconfig/3f7329c5293ffd510edef78f73874cfd-le64.cache-4
7f2034001000-7f2034002000 r--s 00000000 08:02 6035632                    /var/cache/fontconfig/0c9eb80ebd1c36541ebe2852d3bb0c49-le64.cache-4
7f2034002000-7f2034003000 r--s 00000000 08:02 6035446                    /var/cache/fontconfig/22368d551a680bfe5a62c02760edf4ea-le64.cache-4
7f2034003000-7f203400c000 r--p 00000000 08:02 5114821                    /usr/share/icons/hicolor/icon-theme.cache
7f203400c000-7f203405e000 rw-p 00000000 00:00 0 
7f203405e000-7f2034061000 ---p 00000000 00:00 0 
7f2034061000-7f2034097000 rw-p 00000000 00:00 0 
7f2034097000-7f203409a000 ---p 00000000 00:00 0 
7f203409a000-7f2034198000 rw-p 00000000 00:00 0 
7f2034198000-7f2034238000 r-xp 00000000 08:02 3281720                    /usr/lib/jvm/java-8-openjdk-amd64/jre/lib/amd64/libawt.so
7f2034238000-7f2034438000 ---p 000a0000 08:02 3281720                    /usr/lib/jvm/java-8-openjdk-amd64/jre/lib/amd64/libawt.so
7f2034438000-7f2034439000 r--p 000a0000 08:02 3281720                    /usr/lib/jvm/java-8-openjdk-amd64/jre/lib/amd64/libawt.so
7f2034439000-7f2034444000 rw-p 000a1000 08:02 3281720                    /usr/lib/jvm/java-8-openjdk-amd64/jre/lib/amd64/libawt.so
7f2034444000-7f2034469000 rw-p 00000000 00:00 0 
7f2034469000-7f2034484000 r--s 001d6000 08:02 3281778                    /usr/lib/jvm/java-8-openjdk-amd64/jre/lib/ext/nashorn.jar
7f2034484000-7f203449f000 r--s 00394000 08:02 3281771                    /usr/lib/jvm/java-8-openjdk-amd64/jre/lib/ext/cldrdata.jar
7f203449f000-7f20344a0000 ---p 00000000 00:00 0 
7f20344a0000-7f20345a0000 rw-p 00000000 00:00 0 
7f20345a0000-7f20345a3000 ---p 00000000 00:00 0 
7f20345a3000-7f20346a1000 rw-p 00000000 00:00 0 
7f20346a1000-7f20346a4000 ---p 00000000 00:00 0 
7f20346a4000-7f20347a2000 rw-p 00000000 00:00 0 
7f20347a2000-7f20347a5000 ---p 00000000 00:00 0 
7f20347a5000-7f20348a3000 rw-p 00000000 00:00 0 
7f20348a3000-7f20348a6000 ---p 00000000 00:00 0 
7f20348a6000-7f20349a4000 rw-p 00000000 00:00 0 
7f20349a4000-7f20349a7000 ---p 00000000 00:00 0 
7f20349a7000-7f2034aa5000 rw-p 00000000 00:00 0 
7f2034aa5000-7f2034c40000 r--p 00000000 08:02 3545221                    /usr/lib/locale/locale-archive
7f2034c40000-7f2034c43000 ---p 00000000 00:00 0 
7f2034c43000-7f2034d41000 rw-p 00000000 00:00 0 
7f2034d41000-7f2034d44000 ---p 00000000 00:00 0 
7f2034d44000-7f2034e42000 rw-p 00000000 00:00 0 
7f2034e42000-7f2034e43000 ---p 00000000 00:00 0 
7f2034e43000-7f20359b0000 rw-p 00000000 00:00 0 
7f20359b0000-7f2038000000 rw-p 00000000 00:00 0 
7f2038000000-7f2038021000 rw-p 00000000 00:00 0 
7f2038021000-7f203c000000 ---p 00000000 00:00 0 
7f203c000000-7f203c021000 rw-p 00000000 00:00 0 
7f203c021000-7f2040000000 ---p 00000000 00:00 0 
7f2040000000-7f2040021000 rw-p 00000000 00:00 0 
7f2040021000-7f2044000000 ---p 00000000 00:00 0 
7f2044000000-7f2044021000 rw-p 00000000 00:00 0 
7f2044021000-7f2048000000 ---p 00000000 00:00 0 
7f2048000000-7f2048001000 r--s 00000000 08:02 6035369                    /var/cache/fontconfig/4d9c95eba1cb85bbcf2878543262124a-le64.cache-4
7f2048001000-7f2048006000 r--s 00000000 08:02 6035181                    /var/cache/fontconfig/7ef2298fde41cc6eeb7af42e48b7d293-le64.cache-4
7f2048006000-7f2048019000 r--s 00346000 08:02 3281811                    /usr/lib/jvm/java-8-openjdk-amd64/jre/lib/resources.jar
7f2048019000-7f204851e000 rw-p 00000000 00:00 0 
7f204851e000-7f20486ed000 r--s 03c33000 08:02 3281812                    /usr/lib/jvm/java-8-openjdk-amd64/jre/lib/rt.jar
7f20486ed000-7f20488d2000 rw-p 00000000 00:00 0 
7f20488d2000-7f20488d3000 ---p 00000000 00:00 0 
7f20488d3000-7f20489d3000 rw-p 00000000 00:00 0 
7f20489d3000-7f20489d4000 ---p 00000000 00:00 0 
7f20489d4000-7f2048ad4000 rw-p 00000000 00:00 0 
7f2048ad4000-7f2048ad5000 ---p 00000000 00:00 0 
7f2048ad5000-7f2048bd5000 rw-p 00000000 00:00 0 
7f2048bd5000-7f2048bd6000 ---p 00000000 00:00 0 
7f2048bd6000-7f2048cd6000 rw-p 00000000 00:00 0 
7f2048cd6000-7f2048ceb000 rw-p 00000000 00:00 0 
7f2048ceb000-7f2048e1a000 ---p 00000000 00:00 0 
7f2048e1a000-7f2048e2f000 rw-p 00000000 00:00 0 
7f2048e2f000-7f2048f5d000 ---p 00000000 00:00 0 
7f2048f5d000-7f2048f68000 rw-p 00000000 00:00 0 
7f2048f68000-7f2048fff000 ---p 00000000 00:00 0 
7f2048fff000-7f2049000000 rw-p 00000000 00:00 0 
7f2049000000-7f2049320000 rwxp 00000000 00:00 0 
7f2049320000-7f2058000000 ---p 00000000 00:00 0 
7f2058000000-7f2058480000 rw-p 00000000 00:00 0 
7f2058480000-7f205c000000 ---p 00000000 00:00 0 
7f205c000000-7f205c001000 r--s 00000000 08:02 6035297                    /var/cache/fontconfig/49f0de54bdd920fe4f0dfd4cbac43e6b-le64.cache-4
7f205c001000-7f205c002000 r--s 00000000 08:02 6035205                    /var/cache/fontconfig/4b2eda6bb976bda485cb2176619421d5-le64.cache-4
7f205c002000-7f205c004000 r--s 00000000 08:02 6030444                    /var/cache/fontconfig/62f91419b9ebdb6975e7e41ab6412357-le64.cache-4
7f205c004000-7f205c006000 r--s 00000000 08:02 7344922                    /home/bobdinh/.local/share/mime/mime.cache
7f205c006000-7f205c010000 r--s 00116000 08:02 3281777                    /usr/lib/jvm/java-8-openjdk-amd64/jre/lib/ext/localedata.jar
7f205c010000-7f205c016000 r--s 0003b000 08:02 3281780                    /usr/lib/jvm/java-8-openjdk-amd64/jre/lib/ext/sunjce_provider.jar
7f205c016000-7f205c019000 r--s 00038000 08:02 3281781                    /usr/lib/jvm/java-8-openjdk-amd64/jre/lib/ext/sunpkcs11.jar
7f205c019000-7f205c0d1000 rw-p 00000000 00:00 0 
7f205c0d1000-7f205c0de000 rw-p 00000000 00:00 0 
7f205c0de000-7f205c491000 ---p 00000000 00:00 0 
7f205c491000-7f205c499000 r-xp 00000000 08:02 3281753                    /usr/lib/jvm/java-8-openjdk-amd64/jre/lib/amd64/libzip.so
7f205c499000-7f205c698000 ---p 00008000 08:02 3281753                    /usr/lib/jvm/java-8-openjdk-amd64/jre/lib/amd64/libzip.so
7f205c698000-7f205c699000 r--p 00007000 08:02 3281753                    /usr/lib/jvm/java-8-openjdk-amd64/jre/lib/amd64/libzip.so
7f205c699000-7f205c69a000 rw-p 00008000 08:02 3281753                    /usr/lib/jvm/java-8-openjdk-amd64/jre/lib/amd64/libzip.so
7f205c69a000-7f205c6a4000 r-xp 00000000 08:02 4851501                    /lib/x86_64-linux-gnu/libnss_files-2.24.so
7f205c6a4000-7f205c8a4000 ---p 0000a000 08:02 4851501                    /lib/x86_64-linux-gnu/libnss_files-2.24.so
7f205c8a4000-7f205c8a5000 r--p 0000a000 08:02 4851501                    /lib/x86_64-linux-gnu/libnss_files-2.24.so
7f205c8a5000-7f205c8a6000 rw-p 0000b000 08:02 4851501                    /lib/x86_64-linux-gnu/libnss_files-2.24.so
7f205c8a6000-7f205c8ac000 rw-p 00000000 00:00 0 
7f205c8ac000-7f205c8b7000 r-xp 00000000 08:02 4851512                    /lib/x86_64-linux-gnu/libnss_nis-2.24.so
7f205c8b7000-7f205cab6000 ---p 0000b000 08:02 4851512                    /lib/x86_64-linux-gnu/libnss_nis-2.24.so
7f205cab6000-7f205cab7000 r--p 0000a000 08:02 4851512                    /lib/x86_64-linux-gnu/libnss_nis-2.24.so
7f205cab7000-7f205cab8000 rw-p 0000b000 08:02 4851512                    /lib/x86_64-linux-gnu/libnss_nis-2.24.so
7f205cab8000-7f205cacc000 r-xp 00000000 08:02 4851495                    /lib/x86_64-linux-gnu/libnsl-2.24.so
7f205cacc000-7f205cccc000 ---p 00014000 08:02 4851495                    /lib/x86_64-linux-gnu/libnsl-2.24.so
7f205cccc000-7f205cccd000 r--p 00014000 08:02 4851495                    /lib/x86_64-linux-gnu/libnsl-2.24.so
7f205cccd000-7f205ccce000 rw-p 00015000 08:02 4851495                    /lib/x86_64-linux-gnu/libnsl-2.24.so
7f205ccce000-7f205ccd0000 rw-p 00000000 00:00 0 
7f205ccd0000-7f205ccd7000 r-xp 00000000 08:02 4851497                    /lib/x86_64-linux-gnu/libnss_compat-2.24.so
7f205ccd7000-7f205ced6000 ---p 00007000 08:02 4851497                    /lib/x86_64-linux-gnu/libnss_compat-2.24.so
7f205ced6000-7f205ced7000 r--p 00006000 08:02 4851497                    /lib/x86_64-linux-gnu/libnss_compat-2.24.so
7f205ced7000-7f205ced8000 rw-p 00007000 08:02 4851497                    /lib/x86_64-linux-gnu/libnss_compat-2.24.so
7f205ced8000-7f205cf05000 r-xp 00000000 08:02 3281732                    /usr/lib/jvm/java-8-openjdk-amd64/jre/lib/amd64/libjava.so
7f205cf05000-7f205d105000 ---p 0002d000 08:02 3281732                    /usr/lib/jvm/java-8-openjdk-amd64/jre/lib/amd64/libjava.so
7f205d105000-7f205d106000 r--p 0002d000 08:02 3281732                    /usr/lib/jvm/java-8-openjdk-amd64/jre/lib/amd64/libjava.so
7f205d106000-7f205d108000 rw-p 0002e000 08:02 3281732                    /usr/lib/jvm/java-8-openjdk-amd64/jre/lib/amd64/libjava.so
7f205d108000-7f205d117000 r-xp 00000000 08:02 3281752                    /usr/lib/jvm/java-8-openjdk-amd64/jre/lib/amd64/libverify.so
7f205d117000-7f205d317000 ---p 0000f000 08:02 3281752                    /usr/lib/jvm/java-8-openjdk-amd64/jre/lib/amd64/libverify.so
7f205d317000-7f205d319000 r--p 0000f000 08:02 3281752                    /usr/lib/jvm/java-8-openjdk-amd64/jre/lib/amd64/libverify.so
7f205d319000-7f205d31a000 rw-p 00011000 08:02 3281752                    /usr/lib/jvm/java-8-openjdk-amd64/jre/lib/amd64/libverify.so
7f205d31a000-7f205d321000 r-xp 00000000 08:02 4851541                    /lib/x86_64-linux-gnu/librt-2.24.so
7f205d321000-7f205d520000 ---p 00007000 08:02 4851541                    /lib/x86_64-linux-gnu/librt-2.24.so
7f205d520000-7f205d521000 r--p 00006000 08:02 4851541                    /lib/x86_64-linux-gnu/librt-2.24.so
7f205d521000-7f205d522000 rw-p 00007000 08:02 4851541                    /lib/x86_64-linux-gnu/librt-2.24.so
7f205d522000-7f205d538000 r-xp 00000000 08:02 4851456                    /lib/x86_64-linux-gnu/libgcc_s.so.1
7f205d538000-7f205d737000 ---p 00016000 08:02 4851456                    /lib/x86_64-linux-gnu/libgcc_s.so.1
7f205d737000-7f205d738000 r--p 00015000 08:02 4851456                    /lib/x86_64-linux-gnu/libgcc_s.so.1
7f205d738000-7f205d739000 rw-p 00016000 08:02 4851456                    /lib/x86_64-linux-gnu/libgcc_s.so.1
7f205d739000-7f205d83c000 r-xp 00000000 08:02 4851478                    /lib/x86_64-linux-gnu/libm-2.24.so
7f205d83c000-7f205da3b000 ---p 00103000 08:02 4851478                    /lib/x86_64-linux-gnu/libm-2.24.so
7f205da3b000-7f205da3c000 r--p 00102000 08:02 4851478                    /lib/x86_64-linux-gnu/libm-2.24.so
7f205da3c000-7f205da3d000 rw-p 00103000 08:02 4851478                    /lib/x86_64-linux-gnu/libm-2.24.so
7f205da3d000-7f205dbaf000 r-xp 00000000 08:02 3674012                    /usr/lib/x86_64-linux-gnu/libstdc++.so.6.0.22
7f205dbaf000-7f205ddaf000 ---p 00172000 08:02 3674012                    /usr/lib/x86_64-linux-gnu/libstdc++.so.6.0.22
7f205ddaf000-7f205ddb9000 r--p 00172000 08:02 3674012                    /usr/lib/x86_64-linux-gnu/libstdc++.so.6.0.22
7f205ddb9000-7f205ddbb000 rw-p 0017c000 08:02 3674012                    /usr/lib/x86_64-linux-gnu/libstdc++.so.6.0.22
7f205ddbb000-7f205ddbf000 rw-p 00000000 00:00 0 
7f205ddbf000-7f205ea1e000 r-xp 00000000 08:02 3281758                    /usr/lib/jvm/java-8-openjdk-amd64/jre/lib/amd64/server/libjvm.so
7f205ea1e000-7f205ec1d000 ---p 00c5f000 08:02 3281758                    /usr/lib/jvm/java-8-openjdk-amd64/jre/lib/amd64/server/libjvm.so
7f205ec1d000-7f205ecb1000 r--p 00c5e000 08:02 3281758                    /usr/lib/jvm/java-8-openjdk-amd64/jre/lib/amd64/server/libjvm.so
7f205ecb1000-7f205ecda000 rw-p 00cf2000 08:02 3281758                    /usr/lib/jvm/java-8-openjdk-amd64/jre/lib/amd64/server/libjvm.so
7f205ecda000-7f205ed0a000 rw-p 00000000 00:00 0 
7f205ed0a000-7f205ee9f000 r-xp 00000000 08:02 4851425                    /lib/x86_64-linux-gnu/libc-2.24.so
7f205ee9f000-7f205f09f000 ---p 00195000 08:02 4851425                    /lib/x86_64-linux-gnu/libc-2.24.so
7f205f09f000-7f205f0a3000 r--p 00195000 08:02 4851425                    /lib/x86_64-linux-gnu/libc-2.24.so
7f205f0a3000-7f205f0a5000 rw-p 00199000 08:02 4851425                    /lib/x86_64-linux-gnu/libc-2.24.so
7f205f0a5000-7f205f0a9000 rw-p 00000000 00:00 0 
7f205f0a9000-7f205f0ac000 r-xp 00000000 08:02 4851442                    /lib/x86_64-linux-gnu/libdl-2.24.so
7f205f0ac000-7f205f2ab000 ---p 00003000 08:02 4851442                    /lib/x86_64-linux-gnu/libdl-2.24.so
7f205f2ab000-7f205f2ac000 r--p 00002000 08:02 4851442                    /lib/x86_64-linux-gnu/libdl-2.24.so
7f205f2ac000-7f205f2ad000 rw-p 00003000 08:02 4851442                    /lib/x86_64-linux-gnu/libdl-2.24.so
7f205f2ad000-7f205f2ba000 r-xp 00000000 08:02 3281716                    /usr/lib/jvm/java-8-openjdk-amd64/jre/lib/amd64/jli/libjli.so
7f205f2ba000-7f205f4ba000 ---p 0000d000 08:02 3281716                    /usr/lib/jvm/java-8-openjdk-amd64/jre/lib/amd64/jli/libjli.so
7f205f4ba000-7f205f4bb000 r--p 0000d000 08:02 3281716                    /usr/lib/jvm/java-8-openjdk-amd64/jre/lib/amd64/jli/libjli.so
7f205f4bb000-7f205f4bc000 rw-p 0000e000 08:02 3281716                    /usr/lib/jvm/java-8-openjdk-amd64/jre/lib/amd64/jli/libjli.so
7f205f4bc000-7f205f4d5000 r-xp 00000000 08:02 4851573                    /lib/x86_64-linux-gnu/libz.so.1.2.8
7f205f4d5000-7f205f6d4000 ---p 00019000 08:02 4851573                    /lib/x86_64-linux-gnu/libz.so.1.2.8
7f205f6d4000-7f205f6d5000 r--p 00018000 08:02 4851573                    /lib/x86_64-linux-gnu/libz.so.1.2.8
7f205f6d5000-7f205f6d6000 rw-p 00019000 08:02 4851573                    /lib/x86_64-linux-gnu/libz.so.1.2.8
7f205f6d6000-7f205f6ee000 r-xp 00000000 08:02 4851535                    /lib/x86_64-linux-gnu/libpthread-2.24.so
7f205f6ee000-7f205f8ed000 ---p 00018000 08:02 4851535                    /lib/x86_64-linux-gnu/libpthread-2.24.so
7f205f8ed000-7f205f8ee000 r--p 00017000 08:02 4851535                    /lib/x86_64-linux-gnu/libpthread-2.24.so
7f205f8ee000-7f205f8ef000 rw-p 00018000 08:02 4851535                    /lib/x86_64-linux-gnu/libpthread-2.24.so
7f205f8ef000-7f205f8f3000 rw-p 00000000 00:00 0 
7f205f8f3000-7f205f916000 r-xp 00000000 08:02 4851399                    /lib/x86_64-linux-gnu/ld-2.24.so
7f205f916000-7f205f918000 r--s 00001000 08:02 3281772                    /usr/lib/jvm/java-8-openjdk-amd64/jre/lib/ext/dnsns.jar
7f205f918000-7f205f91a000 r--s 00007000 08:02 5243995                    /usr/share/java/java-atk-wrapper.jar
7f205f91a000-7f205f9eb000 rw-p 00000000 00:00 0 
7f205f9eb000-7f205f9ee000 ---p 00000000 00:00 0 
7f205f9ee000-7f205faee000 rw-p 00000000 00:00 0 
7f205faee000-7f205faef000 r--s 00000000 08:02 6029382                    /var/cache/fontconfig/3fe29f0c9fa221c8ee16555d4835b3ab-le64.cache-4
7f205faef000-7f205faf2000 r--s 0000f000 08:02 3281773                    /usr/lib/jvm/java-8-openjdk-amd64/jre/lib/ext/icedtea-sound.jar
7f205faf2000-7f205faf4000 r--s 00008000 08:02 3281779                    /usr/lib/jvm/java-8-openjdk-amd64/jre/lib/ext/sunec.jar
7f205faf4000-7f205faf5000 r--s 0000a000 08:02 3281774                    /usr/lib/jvm/java-8-openjdk-amd64/jre/lib/ext/jaccess.jar
7f205faf5000-7f205faf6000 r--s 00010000 08:02 3281782                    /usr/lib/jvm/java-8-openjdk-amd64/jre/lib/ext/zipfs.jar
7f205faf6000-7f205fb09000 rw-p 00000000 00:00 0 
7f205fb09000-7f205fb11000 rw-s 00000000 08:02 1839851                    /tmp/hsperfdata_bobdinh/9590
7f205fb11000-7f205fb12000 rw-p 00000000 00:00 0 
7f205fb12000-7f205fb13000 r--p 00000000 00:00 0 
7f205fb13000-7f205fb16000 rw-p 00000000 00:00 0 
7f205fb16000-7f205fb17000 r--p 00023000 08:02 4851399                    /lib/x86_64-linux-gnu/ld-2.24.so
7f205fb17000-7f205fb18000 rw-p 00024000 08:02 4851399                    /lib/x86_64-linux-gnu/ld-2.24.so
7f205fb18000-7f205fb19000 rw-p 00000000 00:00 0 
7ffc47dae000-7ffc47dcf000 rw-p 00000000 00:00 0                          [stack]
7ffc47de2000-7ffc47de4000 r--p 00000000 00:00 0                          [vvar]
7ffc47de4000-7ffc47de6000 r-xp 00000000 00:00 0                          [vdso]
ffffffffff600000-ffffffffff601000 r-xp 00000000 00:00 0                  [vsyscall]

VM Arguments:
jvm_args: -Dfile.encoding=UTF-8 
java_command: Doit
java_class_path (initial): /home/bobdinh/eclipse-workspace/AOWCustomize/bin
Launcher Type: SUN_STANDARD

Environment Variables:
PATH=/usr/local/bin:/usr/bin:/bin:/usr/local/games:/usr/games:/snap/bin
SHELL=/bin/bash
DISPLAY=:0.0

Signal Handlers:
SIGSEGV: [libjvm.so+0xa74b40], sa_mask[0]=11111111011111111101111111111110, sa_flags=SA_RESTART|SA_SIGINFO
SIGBUS: [libjvm.so+0xa74b40], sa_mask[0]=11111111011111111101111111111110, sa_flags=SA_RESTART|SA_SIGINFO
SIGFPE: [libjvm.so+0x8bd510], sa_mask[0]=11111111011111111101111111111110, sa_flags=SA_RESTART|SA_SIGINFO
SIGPIPE: SIG_IGN, sa_mask[0]=00000000000010000000000000000000, sa_flags=SA_RESTART
SIGXFSZ: [libjvm.so+0x8bd510], sa_mask[0]=11111111011111111101111111111110, sa_flags=SA_RESTART|SA_SIGINFO
SIGILL: [libjvm.so+0x8bd510], sa_mask[0]=11111111011111111101111111111110, sa_flags=SA_RESTART|SA_SIGINFO
SIGUSR1: SIG_DFL, sa_mask[0]=00000000000000000000000000000000, sa_flags=none
SIGUSR2: [libjvm.so+0x8bd3c0], sa_mask[0]=00100000000000000000000000000000, sa_flags=SA_RESTART|SA_SIGINFO
SIGHUP: [libjvm.so+0x8bd870], sa_mask[0]=11111111011111111101111111111110, sa_flags=SA_RESTART|SA_SIGINFO
SIGINT: [libjvm.so+0x8bd870], sa_mask[0]=11111111011111111101111111111110, sa_flags=SA_RESTART|SA_SIGINFO
SIGTERM: [libjvm.so+0x8bd870], sa_mask[0]=11111111011111111101111111111110, sa_flags=SA_RESTART|SA_SIGINFO
SIGQUIT: [libjvm.so+0x8bd870], sa_mask[0]=11111111011111111101111111111110, sa_flags=SA_RESTART|SA_SIGINFO


---------------  S Y S T E M  ---------------

OS:PRETTY_NAME="Debian GNU/Linux 9 (stretch)"
NAME="Debian GNU/Linux"
VERSION_ID="9"
VERSION="9 (stretch)"
ID=debian
HOME_URL="https://www.debian.org/"
SUPPORT_URL="https://www.debian.org/support"
BUG_REPORT_URL="https://bugs.debian.org/"

uname:Linux 4.9.0-8-amd64 #1 SMP Debian 4.9.130-2 (2018-10-27) x86_64
libc:glibc 2.24 NPTL 2.24 
rlimit: STACK 8192k, CORE 0k, NPROC 15134, NOFILE 4096, AS infinity
load average:0.46 0.52 0.56

/proc/meminfo:
MemTotal:        3968556 kB
MemFree:         1501688 kB
MemAvailable:    2062716 kB
Buffers:           66380 kB
Cached:           783764 kB
SwapCached:         5128 kB
Active:          1669588 kB
Inactive:         623852 kB
Active(anon):    1204224 kB
Inactive(anon):   349468 kB
Active(file):     465364 kB
Inactive(file):   274384 kB
Unevictable:         132 kB
Mlocked:             132 kB
SwapTotal:       4113404 kB
SwapFree:        4034144 kB
Dirty:                 4 kB
Writeback:          9372 kB
AnonPages:       1416076 kB
Mapped:           242072 kB
Shmem:            110132 kB
Slab:              97720 kB
SReclaimable:      56440 kB
SUnreclaim:        41280 kB
KernelStack:        5728 kB
PageTables:        16680 kB
NFS_Unstable:          0 kB
Bounce:                0 kB
WritebackTmp:          0 kB
CommitLimit:     6097680 kB
Committed_AS:    3652784 kB
VmallocTotal:   34359738367 kB
VmallocUsed:           0 kB
VmallocChunk:          0 kB
HardwareCorrupted:     0 kB
AnonHugePages:         0 kB
ShmemHugePages:        0 kB
ShmemPmdMapped:        0 kB
HugePages_Total:       0
HugePages_Free:        0
HugePages_Rsvd:        0
HugePages_Surp:        0
Hugepagesize:       2048 kB
DirectMap4k:      220608 kB
DirectMap2M:     3893248 kB
DirectMap1G:     1048576 kB


CPU:total 4 (initial active 4) (2 cores per cpu, 2 threads per core) family 6 model 69 stepping 1, cmov, cx8, fxsr, mmx, sse, sse2, sse3, ssse3, sse4.1, sse4.2, popcnt, avx, avx2, aes, clmul, erms, lzcnt, ht, tsc, tscinvbit, bmi1, bmi2

/proc/cpuinfo:
processor	: 0
vendor_id	: GenuineIntel
cpu family	: 6
model		: 69
model name	: Intel(R) Core(TM) i5-4210U CPU @ 1.70GHz
stepping	: 1
microcode	: 0x17
cpu MHz		: 2399.853
cache size	: 3072 KB
physical id	: 0
siblings	: 4
core id		: 0
cpu cores	: 2
apicid		: 0
initial apicid	: 0
fpu		: yes
fpu_exception	: yes
cpuid level	: 13
wp		: yes
flags		: fpu vme de pse tsc msr pae mce cx8 apic sep mtrr pge mca cmov pat pse36 clflush dts acpi mmx fxsr sse sse2 ss ht tm pbe syscall nx pdpe1gb rdtscp lm constant_tsc arch_perfmon pebs bts rep_good nopl xtopology nonstop_tsc aperfmperf pni pclmulqdq dtes64 monitor ds_cpl vmx est tm2 ssse3 sdbg fma cx16 xtpr pdcm pcid sse4_1 sse4_2 movbe popcnt tsc_deadline_timer aes xsave avx f16c rdrand lahf_lm abm epb invpcid_single kaiser tpr_shadow vnmi flexpriority ept vpid fsgsbase tsc_adjust bmi1 avx2 smep bmi2 erms invpcid xsaveopt dtherm ida arat pln pts
bugs		: cpu_meltdown spectre_v1 spectre_v2 spec_store_bypass l1tf
bogomips	: 4788.80
clflush size	: 64
cache_alignment	: 64
address sizes	: 39 bits physical, 48 bits virtual
power management:

processor	: 1
vendor_id	: GenuineIntel
cpu family	: 6
model		: 69
model name	: Intel(R) Core(TM) i5-4210U CPU @ 1.70GHz
stepping	: 1
microcode	: 0x17
cpu MHz		: 2400.000
cache size	: 3072 KB
physical id	: 0
siblings	: 4
core id		: 0
cpu cores	: 2
apicid		: 1
initial apicid	: 1
fpu		: yes
fpu_exception	: yes
cpuid level	: 13
wp		: yes
flags		: fpu vme de pse tsc msr pae mce cx8 apic sep mtrr pge mca cmov pat pse36 clflush dts acpi mmx fxsr sse sse2 ss ht tm pbe syscall nx pdpe1gb rdtscp lm constant_tsc arch_perfmon pebs bts rep_good nopl xtopology nonstop_tsc aperfmperf pni pclmulqdq dtes64 monitor ds_cpl vmx est tm2 ssse3 sdbg fma cx16 xtpr pdcm pcid sse4_1 sse4_2 movbe popcnt tsc_deadline_timer aes xsave avx f16c rdrand lahf_lm abm epb invpcid_single kaiser tpr_shadow vnmi flexpriority ept vpid fsgsbase tsc_adjust bmi1 avx2 smep bmi2 erms invpcid xsaveopt dtherm ida arat pln pts
bugs		: cpu_meltdown spectre_v1 spectre_v2 spec_store_bypass l1tf
bogomips	: 4788.80
clflush size	: 64
cache_alignment	: 64
address sizes	: 39 bits physical, 48 bits virtual
power management:

processor	: 2
vendor_id	: GenuineIntel
cpu family	: 6
model		: 69
model name	: Intel(R) Core(TM) i5-4210U CPU @ 1.70GHz
stepping	: 1
microcode	: 0x17
cpu MHz		: 2400.000
cache size	: 3072 KB
physical id	: 0
siblings	: 4
core id		: 1
cpu cores	: 2
apicid		: 2
initial apicid	: 2
fpu		: yes
fpu_exception	: yes
cpuid level	: 13
wp		: yes
flags		: fpu vme de pse tsc msr pae mce cx8 apic sep mtrr pge mca cmov pat pse36 clflush dts acpi mmx fxsr sse sse2 ss ht tm pbe syscall nx pdpe1gb rdtscp lm constant_tsc arch_perfmon pebs bts rep_good nopl xtopology nonstop_tsc aperfmperf pni pclmulqdq dtes64 monitor ds_cpl vmx est tm2 ssse3 sdbg fma cx16 xtpr pdcm pcid sse4_1 sse4_2 movbe popcnt tsc_deadline_timer aes xsave avx f16c rdrand lahf_lm abm epb invpcid_single kaiser tpr_shadow vnmi flexpriority ept vpid fsgsbase tsc_adjust bmi1 avx2 smep bmi2 erms invpcid xsaveopt dtherm ida arat pln pts
bugs		: cpu_meltdown spectre_v1 spectre_v2 spec_store_bypass l1tf
bogomips	: 4788.80
clflush size	: 64
cache_alignment	: 64
address sizes	: 39 bits physical, 48 bits virtual
power management:

processor	: 3
vendor_id	: GenuineIntel
cpu family	: 6
model		: 69
model name	: Intel(R) Core(TM) i5-4210U CPU @ 1.70GHz
stepping	: 1
microcode	: 0x17
cpu MHz		: 2400.000
cache size	: 3072 KB
physical id	: 0
siblings	: 4
core id		: 1
cpu cores	: 2
apicid		: 3
initial apicid	: 3
fpu		: yes
fpu_exception	: yes
cpuid level	: 13
wp		: yes
flags		: fpu vme de pse tsc msr pae mce cx8 apic sep mtrr pge mca cmov pat pse36 clflush dts acpi mmx fxsr sse sse2 ss ht tm pbe syscall nx pdpe1gb rdtscp lm constant_tsc arch_perfmon pebs bts rep_good nopl xtopology nonstop_tsc aperfmperf pni pclmulqdq dtes64 monitor ds_cpl vmx est tm2 ssse3 sdbg fma cx16 xtpr pdcm pcid sse4_1 sse4_2 movbe popcnt tsc_deadline_timer aes xsave avx f16c rdrand lahf_lm abm epb invpcid_single kaiser tpr_shadow vnmi flexpriority ept vpid fsgsbase tsc_adjust bmi1 avx2 smep bmi2 erms invpcid xsaveopt dtherm ida arat pln pts
bugs		: cpu_meltdown spectre_v1 spectre_v2 spec_store_bypass l1tf
bogomips	: 4788.80
clflush size	: 64
cache_alignment	: 64
address sizes	: 39 bits physical, 48 bits virtual
power management:



Memory: 4k page, physical 3968556k(1510892k free), swap 4113404k(4034148k free)

vm_info: OpenJDK 64-Bit Server VM (25.181-b13) for linux-amd64 JRE (1.8.0_181-8u181-b13-2~deb9u1-b13), built on Oct 22 2018 18:05:23 by "pbuilder" with gcc 6.3.0 20170516

time: Sat Feb  9 00:56:52 2019
elapsed time: 3609 seconds (0d 1h 0m 9s)

